--------------- Build Started: 05/12/2017 01:33:18 Project: Senior_Design, Configuration: ARM GCC 4.9-2015-q1-update Debug ---------------
cydsfit.exe -.appdatapath "C:\Users\Feiyang\AppData\Local\Cypress Semiconductor\PSoC Creator\4.0" -.fdsnotice -.fdswarpdepfile=warp_dependencies.txt -.fdselabdepfile=elab_dependencies.txt -.fdsbldfile=generated_files.txt -.fdsreffile=referenced_files.txt -p D:\workspace_SeniorDeisgn\PSoC\SD1\Senior_Design.cydsn\Senior_Design.cyprj -d CY8C4245AXI-483 -s D:\workspace_SeniorDeisgn\PSoC\SD1\Senior_Design.cydsn\Generated_Source\PSoC4 -- -yv2 -q10 -ygs -o2 -v3 -.fftcfgtype=LE
Elaborating Design...
HDL Generation...
Synthesis...
Tech Mapping...
ADD: pft.M0040: information: The following 13 pin(s) will be assigned a location by the fitter: Pin_4(0), Pin_5(0), Pin_6(0), Pin_7(0), Pin_8(0), Pin_9(0), Pin_10(0), Pin_11(0), Pin_12(0), Pin_13(0), Pin_14(0), Pin_15(0), Pin_16(0)
Analog Placement...
Analog Routing...
Analog Code Generation...
Digital Placement...
Digital Routing...
Bitstream Generation...
Bitstream Verification...
Static timing analysis...
API Generation...
Dependency Generation...
Cleanup...
arm-none-eabi-gcc.exe -mcpu=cortex-m0 -mthumb -I. -IGenerated_Source\PSoC4 -Wa,-alh=.\CortexM0\ARM_GCC_493\Debug/main.lst -g -D DEBUG -Wall -ffunction-sections -Og -ffat-lto-objects -c main.c -o .\CortexM0\ARM_GCC_493\Debug\main.o
main.c: In function 'uart_rx_buffer_process_set_ssvep':
main.c:137:35: warning: passing argument 1 of 'CRC8' from incompatible pointer type
             uint8 crc8sum = CRC8( &UART_rx_buffer, buffer_ind_max );
                                   ^
main.c:47:7: note: expected 'uint8 *' but argument is of type 'uint8 (*)[64]'
 uint8 CRC8(uint8 *data, uint8 len) {
       ^
main.c: In function 'main':
main.c:332:13: warning: implicit declaration of function 'sprintf' [-Wimplicit-function-declaration]
             sprintf(hex_echo, "%02X", UART_rx_buffer[UART_rx_buffer_process_ind]);
             ^
main.c:332:13: warning: incompatible implicit declaration of built-in function 'sprintf'
arm-none-eabi-ar.exe -rs .\CortexM0\ARM_GCC_493\Debug\Senior_Design.a .\CortexM0\ARM_GCC_493\Debug\cyfitter_cfg.o .\CortexM0\ARM_GCC_493\Debug\Pin_1.o .\CortexM0\ARM_GCC_493\Debug\Pin_1_PM.o .\CortexM0\ARM_GCC_493\Debug\Pin_2.o .\CortexM0\ARM_GCC_493\Debug\Pin_2_PM.o .\CortexM0\ARM_GCC_493\Debug\Pin_3.o .\CortexM0\ARM_GCC_493\Debug\Pin_3_PM.o .\CortexM0\ARM_GCC_493\Debug\UART_1.o .\CortexM0\ARM_GCC_493\Debug\UART_1_SPI_UART.o .\CortexM0\ARM_GCC_493\Debug\UART_1_SPI_UART_INT.o .\CortexM0\ARM_GCC_493\Debug\UART_1_PM.o .\CortexM0\ARM_GCC_493\Debug\UART_1_UART.o .\CortexM0\ARM_GCC_493\Debug\UART_1_BOOT.o .\CortexM0\ARM_GCC_493\Debug\UART_1_UART_BOOT.o .\CortexM0\ARM_GCC_493\Debug\UART_1_SCBCLK.o .\CortexM0\ARM_GCC_493\Debug\UART_1_tx.o .\CortexM0\ARM_GCC_493\Debug\UART_1_tx_PM.o .\CortexM0\ARM_GCC_493\Debug\UART_1_rx.o .\CortexM0\ARM_GCC_493\Debug\UART_1_rx_PM.o .\CortexM0\ARM_GCC_493\Debug\CyFlash.o .\CortexM0\ARM_GCC_493\Debug\CyLib.o .\CortexM0\ARM_GCC_493\Debug\cyPm.o .\CortexM0\ARM_GCC_493\Debug\cyutils.o .\CortexM0\ARM_GCC_493\Debug\CyLFClk.o .\CortexM0\ARM_GCC_493\Debug\Timer_ms.o .\CortexM0\ARM_GCC_493\Debug\Timer_ms_PM.o .\CortexM0\ARM_GCC_493\Debug\Clock_1.o .\CortexM0\ARM_GCC_493\Debug\isr_ms.o .\CortexM0\ARM_GCC_493\Debug\Pin_4.o .\CortexM0\ARM_GCC_493\Debug\Pin_4_PM.o .\CortexM0\ARM_GCC_493\Debug\Pin_5.o .\CortexM0\ARM_GCC_493\Debug\Pin_5_PM.o .\CortexM0\ARM_GCC_493\Debug\Pin_6.o .\CortexM0\ARM_GCC_493\Debug\Pin_6_PM.o .\CortexM0\ARM_GCC_493\Debug\Pin_7.o .\CortexM0\ARM_GCC_493\Debug\Pin_7_PM.o .\CortexM0\ARM_GCC_493\Debug\Pin_8.o .\CortexM0\ARM_GCC_493\Debug\Pin_8_PM.o .\CortexM0\ARM_GCC_493\Debug\Pin_9.o .\CortexM0\ARM_GCC_493\Debug\Pin_9_PM.o .\CortexM0\ARM_GCC_493\Debug\Pin_10.o .\CortexM0\ARM_GCC_493\Debug\Pin_10_PM.o .\CortexM0\ARM_GCC_493\Debug\Pin_11.o .\CortexM0\ARM_GCC_493\Debug\Pin_11_PM.o .\CortexM0\ARM_GCC_493\Debug\Pin_12.o .\CortexM0\ARM_GCC_493\Debug\Pin_12_PM.o .\CortexM0\ARM_GCC_493\Debug\Pin_13.o .\CortexM0\ARM_GCC_493\Debug\Pin_13_PM.o .\CortexM0\ARM_GCC_493\Debug\Pin_14.o .\CortexM0\ARM_GCC_493\Debug\Pin_14_PM.o .\CortexM0\ARM_GCC_493\Debug\Pin_15.o .\CortexM0\ARM_GCC_493\Debug\Pin_15_PM.o .\CortexM0\ARM_GCC_493\Debug\Pin_16.o .\CortexM0\ARM_GCC_493\Debug\Pin_16_PM.o .\CortexM0\ARM_GCC_493\Debug\isr_uart_rx.o .\CortexM0\ARM_GCC_493\Debug\UART_debug.o .\CortexM0\ARM_GCC_493\Debug\UART_debug_SPI_UART.o .\CortexM0\ARM_GCC_493\Debug\UART_debug_SPI_UART_INT.o .\CortexM0\ARM_GCC_493\Debug\UART_debug_PM.o .\CortexM0\ARM_GCC_493\Debug\UART_debug_UART.o .\CortexM0\ARM_GCC_493\Debug\UART_debug_BOOT.o .\CortexM0\ARM_GCC_493\Debug\UART_debug_UART_BOOT.o .\CortexM0\ARM_GCC_493\Debug\UART_debug_SCBCLK.o .\CortexM0\ARM_GCC_493\Debug\UART_debug_tx.o .\CortexM0\ARM_GCC_493\Debug\UART_debug_tx_PM.o .\CortexM0\ARM_GCC_493\Debug\UART_debug_rx.o .\CortexM0\ARM_GCC_493\Debug\UART_debug_rx_PM.o .\CortexM0\ARM_GCC_493\Debug\Timer_2.o .\CortexM0\ARM_GCC_493\Debug\Timer_2_PM.o .\CortexM0\ARM_GCC_493\Debug\Clock_2.o .\CortexM0\ARM_GCC_493\Debug\CyBootAsmGnu.o
arm-none-eabi-ar.exe: creating .\CortexM0\ARM_GCC_493\Debug\Senior_Design.a
arm-none-eabi-gcc.exe -Wl,--start-group -o .\CortexM0\ARM_GCC_493\Debug\Senior_Design.elf .\CortexM0\ARM_GCC_493\Debug\main.o .\CortexM0\ARM_GCC_493\Debug\cymetadata.o .\CortexM0\ARM_GCC_493\Debug\Cm0Start.o .\CortexM0\ARM_GCC_493\Debug\Senior_Design.a "C:\Program Files (x86)\Cypress\PSoC Creator\4.0\PSoC Creator\psoc\content\cycomponentlibrary\CyComponentLibrary.cylib\CortexM0\ARM_GCC_493\Debug\CyComponentLibrary.a" -mcpu=cortex-m0 -mthumb -g -ffunction-sections -Og -ffat-lto-objects -L Generated_Source\PSoC4 -Wl,-Map,.\CortexM0\ARM_GCC_493\Debug/Senior_Design.map -T D:\workspace_SeniorDeisgn\PSoC\SD1\Senior_Design.cydsn\Generated_Source\PSoC4\cm0gcc.ld -specs=nano.specs -Wl,--gc-sections -Wl,--end-group
cyelftool.exe -C D:\workspace_SeniorDeisgn\PSoC\SD1\Senior_Design.cydsn\CortexM0\ARM_GCC_493\Debug\Senior_Design.elf --flash_row_size 128 --flash_size 32768
cyelftool.exe -S D:\workspace_SeniorDeisgn\PSoC\SD1\Senior_Design.cydsn\CortexM0\ARM_GCC_493\Debug\Senior_Design.elf
Flash used: 7390 of 32768 bytes (22.6 %).
SRAM used: 2500 of 4096 bytes (61.0 %). Stack: 1024 bytes. Heap: 128 bytes.
--------------- Build Succeeded: 05/12/2017 01:33:26 ---------------
