ARM GAS  C:\Users\Feiyang\AppData\Local\Temp\cc746dZX.s 			page 1


   1              		.cpu cortex-m0
   2              		.fpu softvfp
   3              		.eabi_attribute 20, 1
   4              		.eabi_attribute 21, 1
   5              		.eabi_attribute 23, 3
   6              		.eabi_attribute 24, 1
   7              		.eabi_attribute 25, 1
   8              		.eabi_attribute 26, 1
   9              		.eabi_attribute 30, 1
  10              		.eabi_attribute 34, 0
  11              		.eabi_attribute 18, 4
  12              		.code	16
  13              		.file	"cyfitter_cfg.c"
  14              		.text
  15              	.Ltext0:
  16              		.cfi_sections	.debug_frame
  17              		.section	.text.CYMEMZERO,"ax",%progbits
  18              		.align	2
  19              		.code	16
  20              		.thumb_func
  21              		.type	CYMEMZERO, %function
  22              	CYMEMZERO:
  23              	.LFB0:
  24              		.file 1 "Generated_Source\\PSoC4\\cyfitter_cfg.c"
   1:Generated_Source\PSoC4/cyfitter_cfg.c **** /*******************************************************************************
   2:Generated_Source\PSoC4/cyfitter_cfg.c **** * File Name: cyfitter_cfg.c
   3:Generated_Source\PSoC4/cyfitter_cfg.c **** * 
   4:Generated_Source\PSoC4/cyfitter_cfg.c **** * PSoC Creator  4.0 Update 1
   5:Generated_Source\PSoC4/cyfitter_cfg.c **** *
   6:Generated_Source\PSoC4/cyfitter_cfg.c **** * Description:
   7:Generated_Source\PSoC4/cyfitter_cfg.c **** * This file contains device initialization code.
   8:Generated_Source\PSoC4/cyfitter_cfg.c **** * Except for the user defined sections in CyClockStartupError(), this file should not be modified.
   9:Generated_Source\PSoC4/cyfitter_cfg.c **** * This file is automatically generated by PSoC Creator.
  10:Generated_Source\PSoC4/cyfitter_cfg.c **** *
  11:Generated_Source\PSoC4/cyfitter_cfg.c **** ********************************************************************************
  12:Generated_Source\PSoC4/cyfitter_cfg.c **** * Copyright (c) 2007-2016 Cypress Semiconductor.  All rights reserved.
  13:Generated_Source\PSoC4/cyfitter_cfg.c **** * You may use this file only in accordance with the license, terms, conditions, 
  14:Generated_Source\PSoC4/cyfitter_cfg.c **** * disclaimers, and limitations in the end user license agreement accompanying 
  15:Generated_Source\PSoC4/cyfitter_cfg.c **** * the software package with which this file was provided.
  16:Generated_Source\PSoC4/cyfitter_cfg.c **** ********************************************************************************/
  17:Generated_Source\PSoC4/cyfitter_cfg.c **** 
  18:Generated_Source\PSoC4/cyfitter_cfg.c **** #include <string.h>
  19:Generated_Source\PSoC4/cyfitter_cfg.c **** #include "cytypes.h"
  20:Generated_Source\PSoC4/cyfitter_cfg.c **** #include "cydevice_trm.h"
  21:Generated_Source\PSoC4/cyfitter_cfg.c **** #include "cyfitter.h"
  22:Generated_Source\PSoC4/cyfitter_cfg.c **** #include "CyLib.h"
  23:Generated_Source\PSoC4/cyfitter_cfg.c **** #include "CyLFClk.h"
  24:Generated_Source\PSoC4/cyfitter_cfg.c **** #include "cyfitter_cfg.h"
  25:Generated_Source\PSoC4/cyfitter_cfg.c **** #include "cyapicallbacks.h"
  26:Generated_Source\PSoC4/cyfitter_cfg.c **** 
  27:Generated_Source\PSoC4/cyfitter_cfg.c **** 
  28:Generated_Source\PSoC4/cyfitter_cfg.c **** #if defined(__GNUC__) || defined(__ARMCC_VERSION)
  29:Generated_Source\PSoC4/cyfitter_cfg.c ****     #define CYPACKED 
  30:Generated_Source\PSoC4/cyfitter_cfg.c ****     #define CYPACKED_ATTR __attribute__ ((packed))
  31:Generated_Source\PSoC4/cyfitter_cfg.c ****     #define CYALIGNED __attribute__ ((aligned))
  32:Generated_Source\PSoC4/cyfitter_cfg.c ****     #define CY_CFG_UNUSED __attribute__ ((unused))
  33:Generated_Source\PSoC4/cyfitter_cfg.c ****     #ifndef CY_CFG_SECTION
ARM GAS  C:\Users\Feiyang\AppData\Local\Temp\cc746dZX.s 			page 2


  34:Generated_Source\PSoC4/cyfitter_cfg.c ****         #define CY_CFG_SECTION __attribute__ ((section(".psocinit")))
  35:Generated_Source\PSoC4/cyfitter_cfg.c ****     #endif
  36:Generated_Source\PSoC4/cyfitter_cfg.c ****     
  37:Generated_Source\PSoC4/cyfitter_cfg.c ****     #if defined(__ARMCC_VERSION)
  38:Generated_Source\PSoC4/cyfitter_cfg.c ****         #define CY_CFG_MEMORY_BARRIER() __memory_changed()
  39:Generated_Source\PSoC4/cyfitter_cfg.c ****     #else
  40:Generated_Source\PSoC4/cyfitter_cfg.c ****         #define CY_CFG_MEMORY_BARRIER() __sync_synchronize()
  41:Generated_Source\PSoC4/cyfitter_cfg.c ****     #endif
  42:Generated_Source\PSoC4/cyfitter_cfg.c ****     
  43:Generated_Source\PSoC4/cyfitter_cfg.c **** #elif defined(__ICCARM__)
  44:Generated_Source\PSoC4/cyfitter_cfg.c ****     #include <intrinsics.h>
  45:Generated_Source\PSoC4/cyfitter_cfg.c **** 
  46:Generated_Source\PSoC4/cyfitter_cfg.c ****     #define CYPACKED __packed
  47:Generated_Source\PSoC4/cyfitter_cfg.c ****     #define CYPACKED_ATTR 
  48:Generated_Source\PSoC4/cyfitter_cfg.c ****     #define CYALIGNED _Pragma("data_alignment=4")
  49:Generated_Source\PSoC4/cyfitter_cfg.c ****     #define CY_CFG_UNUSED _Pragma("diag_suppress=Pe177")
  50:Generated_Source\PSoC4/cyfitter_cfg.c ****     #define CY_CFG_SECTION _Pragma("location=\".psocinit\"")
  51:Generated_Source\PSoC4/cyfitter_cfg.c ****     
  52:Generated_Source\PSoC4/cyfitter_cfg.c ****     #define CY_CFG_MEMORY_BARRIER() __DMB()
  53:Generated_Source\PSoC4/cyfitter_cfg.c ****     
  54:Generated_Source\PSoC4/cyfitter_cfg.c **** #else
  55:Generated_Source\PSoC4/cyfitter_cfg.c ****     #error Unsupported toolchain
  56:Generated_Source\PSoC4/cyfitter_cfg.c **** #endif
  57:Generated_Source\PSoC4/cyfitter_cfg.c **** 
  58:Generated_Source\PSoC4/cyfitter_cfg.c **** 
  59:Generated_Source\PSoC4/cyfitter_cfg.c **** CY_CFG_UNUSED
  60:Generated_Source\PSoC4/cyfitter_cfg.c **** static void CYMEMZERO(void *s, size_t n);
  61:Generated_Source\PSoC4/cyfitter_cfg.c **** CY_CFG_UNUSED
  62:Generated_Source\PSoC4/cyfitter_cfg.c **** static void CYMEMZERO(void *s, size_t n)
  63:Generated_Source\PSoC4/cyfitter_cfg.c **** {
  25              		.loc 1 63 0
  26              		.cfi_startproc
  27              	.LVL0:
  28 0000 08B5     		push	{r3, lr}
  29              		.cfi_def_cfa_offset 8
  30              		.cfi_offset 3, -8
  31              		.cfi_offset 14, -4
  32 0002 0A1C     		mov	r2, r1
  64:Generated_Source\PSoC4/cyfitter_cfg.c **** 	(void)memset(s, 0, n);
  33              		.loc 1 64 0
  34 0004 0021     		mov	r1, #0
  35              	.LVL1:
  36 0006 FFF7FEFF 		bl	memset
  37              	.LVL2:
  65:Generated_Source\PSoC4/cyfitter_cfg.c **** }
  38              		.loc 1 65 0
  39              		@ sp needed
  40 000a 08BD     		pop	{r3, pc}
  41              		.cfi_endproc
  42              	.LFE0:
  43              		.size	CYMEMZERO, .-CYMEMZERO
  44              		.section	.psocinit,"ax",%progbits
  45              		.align	2
  46              		.code	16
  47              		.thumb_func
  48              		.type	ClockSetup, %function
  49              	ClockSetup:
ARM GAS  C:\Users\Feiyang\AppData\Local\Temp\cc746dZX.s 			page 3


  50              	.LFB3:
  66:Generated_Source\PSoC4/cyfitter_cfg.c **** CY_CFG_UNUSED
  67:Generated_Source\PSoC4/cyfitter_cfg.c **** static void CYCONFIGCPY(void *dest, const void *src, size_t n);
  68:Generated_Source\PSoC4/cyfitter_cfg.c **** CY_CFG_UNUSED
  69:Generated_Source\PSoC4/cyfitter_cfg.c **** static void CYCONFIGCPY(void *dest, const void *src, size_t n)
  70:Generated_Source\PSoC4/cyfitter_cfg.c **** {
  71:Generated_Source\PSoC4/cyfitter_cfg.c **** 	(void)memcpy(dest, src, n);
  72:Generated_Source\PSoC4/cyfitter_cfg.c **** }
  73:Generated_Source\PSoC4/cyfitter_cfg.c **** CY_CFG_UNUSED
  74:Generated_Source\PSoC4/cyfitter_cfg.c **** static void CYCONFIGCPYCODE(void *dest, const void *src, size_t n);
  75:Generated_Source\PSoC4/cyfitter_cfg.c **** CY_CFG_UNUSED
  76:Generated_Source\PSoC4/cyfitter_cfg.c **** static void CYCONFIGCPYCODE(void *dest, const void *src, size_t n)
  77:Generated_Source\PSoC4/cyfitter_cfg.c **** {
  78:Generated_Source\PSoC4/cyfitter_cfg.c **** 	(void)memcpy(dest, src, n);
  79:Generated_Source\PSoC4/cyfitter_cfg.c **** }
  80:Generated_Source\PSoC4/cyfitter_cfg.c **** 
  81:Generated_Source\PSoC4/cyfitter_cfg.c **** 
  82:Generated_Source\PSoC4/cyfitter_cfg.c **** 
  83:Generated_Source\PSoC4/cyfitter_cfg.c **** 
  84:Generated_Source\PSoC4/cyfitter_cfg.c **** /* Clock startup error codes                                                   */
  85:Generated_Source\PSoC4/cyfitter_cfg.c **** #define CYCLOCKSTART_NO_ERROR    0u
  86:Generated_Source\PSoC4/cyfitter_cfg.c **** #define CYCLOCKSTART_XTAL_ERROR  1u
  87:Generated_Source\PSoC4/cyfitter_cfg.c **** #define CYCLOCKSTART_32KHZ_ERROR 2u
  88:Generated_Source\PSoC4/cyfitter_cfg.c **** #define CYCLOCKSTART_PLL_ERROR   3u
  89:Generated_Source\PSoC4/cyfitter_cfg.c **** 
  90:Generated_Source\PSoC4/cyfitter_cfg.c **** 
  91:Generated_Source\PSoC4/cyfitter_cfg.c **** #ifdef CY_NEED_CYCLOCKSTARTUPERROR
  92:Generated_Source\PSoC4/cyfitter_cfg.c **** /*******************************************************************************
  93:Generated_Source\PSoC4/cyfitter_cfg.c **** * Function Name: CyClockStartupError
  94:Generated_Source\PSoC4/cyfitter_cfg.c **** ********************************************************************************
  95:Generated_Source\PSoC4/cyfitter_cfg.c **** * Summary:
  96:Generated_Source\PSoC4/cyfitter_cfg.c **** *  If an error is encountered during clock configuration (crystal startup error,
  97:Generated_Source\PSoC4/cyfitter_cfg.c **** *  PLL lock error, etc.), the system will end up here.  Unless reimplemented by
  98:Generated_Source\PSoC4/cyfitter_cfg.c **** *  the customer, this function will stop in an infinite loop.
  99:Generated_Source\PSoC4/cyfitter_cfg.c **** *
 100:Generated_Source\PSoC4/cyfitter_cfg.c **** * Parameters:
 101:Generated_Source\PSoC4/cyfitter_cfg.c **** *   void
 102:Generated_Source\PSoC4/cyfitter_cfg.c **** *
 103:Generated_Source\PSoC4/cyfitter_cfg.c **** * Return:
 104:Generated_Source\PSoC4/cyfitter_cfg.c **** *   void
 105:Generated_Source\PSoC4/cyfitter_cfg.c **** *
 106:Generated_Source\PSoC4/cyfitter_cfg.c **** *******************************************************************************/
 107:Generated_Source\PSoC4/cyfitter_cfg.c **** CY_CFG_UNUSED
 108:Generated_Source\PSoC4/cyfitter_cfg.c **** static void CyClockStartupError(uint8 errorCode);
 109:Generated_Source\PSoC4/cyfitter_cfg.c **** CY_CFG_UNUSED
 110:Generated_Source\PSoC4/cyfitter_cfg.c **** static void CyClockStartupError(uint8 errorCode)
 111:Generated_Source\PSoC4/cyfitter_cfg.c **** {
 112:Generated_Source\PSoC4/cyfitter_cfg.c ****     /* To remove the compiler warning if errorCode not used.                */
 113:Generated_Source\PSoC4/cyfitter_cfg.c ****     errorCode = errorCode;
 114:Generated_Source\PSoC4/cyfitter_cfg.c **** 
 115:Generated_Source\PSoC4/cyfitter_cfg.c ****     /* If we have a clock startup error (bad MHz crystal, PLL lock, etc.),  */
 116:Generated_Source\PSoC4/cyfitter_cfg.c ****     /* we will end up here to allow the customer to implement something to  */
 117:Generated_Source\PSoC4/cyfitter_cfg.c ****     /* deal with the clock condition.                                       */
 118:Generated_Source\PSoC4/cyfitter_cfg.c **** 
 119:Generated_Source\PSoC4/cyfitter_cfg.c **** #ifdef CY_CFG_CLOCK_STARTUP_ERROR_CALLBACK
 120:Generated_Source\PSoC4/cyfitter_cfg.c **** 	CY_CFG_Clock_Startup_ErrorCallback();
 121:Generated_Source\PSoC4/cyfitter_cfg.c **** #else
ARM GAS  C:\Users\Feiyang\AppData\Local\Temp\cc746dZX.s 			page 4


 122:Generated_Source\PSoC4/cyfitter_cfg.c **** 	/*  If not using CY_CFG_CLOCK_STARTUP_ERROR_CALLBACK, place your clock startup code here. */
 123:Generated_Source\PSoC4/cyfitter_cfg.c ****     /* `#START CyClockStartupError` */
 124:Generated_Source\PSoC4/cyfitter_cfg.c **** 
 125:Generated_Source\PSoC4/cyfitter_cfg.c **** 
 126:Generated_Source\PSoC4/cyfitter_cfg.c **** 
 127:Generated_Source\PSoC4/cyfitter_cfg.c ****     /* `#END` */
 128:Generated_Source\PSoC4/cyfitter_cfg.c **** 
 129:Generated_Source\PSoC4/cyfitter_cfg.c ****     /* If nothing else, stop here since the clocks have not started         */
 130:Generated_Source\PSoC4/cyfitter_cfg.c ****     /* correctly.                                                           */
 131:Generated_Source\PSoC4/cyfitter_cfg.c ****     while(1) {}
 132:Generated_Source\PSoC4/cyfitter_cfg.c **** #endif /* CY_CFG_CLOCK_STARTUP_ERROR_CALLBACK */ 
 133:Generated_Source\PSoC4/cyfitter_cfg.c **** }
 134:Generated_Source\PSoC4/cyfitter_cfg.c **** #endif
 135:Generated_Source\PSoC4/cyfitter_cfg.c **** 
 136:Generated_Source\PSoC4/cyfitter_cfg.c **** 
 137:Generated_Source\PSoC4/cyfitter_cfg.c **** 
 138:Generated_Source\PSoC4/cyfitter_cfg.c **** /*******************************************************************************
 139:Generated_Source\PSoC4/cyfitter_cfg.c **** * Function Name: ClockSetup
 140:Generated_Source\PSoC4/cyfitter_cfg.c **** ********************************************************************************
 141:Generated_Source\PSoC4/cyfitter_cfg.c **** *
 142:Generated_Source\PSoC4/cyfitter_cfg.c **** * Summary:
 143:Generated_Source\PSoC4/cyfitter_cfg.c **** *   Performs the initialization of all of the clocks in the device based on the
 144:Generated_Source\PSoC4/cyfitter_cfg.c **** *   settings in the Clock tab of the DWR.  This includes enabling the requested
 145:Generated_Source\PSoC4/cyfitter_cfg.c **** *   clocks and setting the necessary dividers to produce the desired frequency. 
 146:Generated_Source\PSoC4/cyfitter_cfg.c **** *
 147:Generated_Source\PSoC4/cyfitter_cfg.c **** * Parameters:
 148:Generated_Source\PSoC4/cyfitter_cfg.c **** *   void
 149:Generated_Source\PSoC4/cyfitter_cfg.c **** *
 150:Generated_Source\PSoC4/cyfitter_cfg.c **** * Return:
 151:Generated_Source\PSoC4/cyfitter_cfg.c **** *   void
 152:Generated_Source\PSoC4/cyfitter_cfg.c **** *
 153:Generated_Source\PSoC4/cyfitter_cfg.c **** *******************************************************************************/
 154:Generated_Source\PSoC4/cyfitter_cfg.c **** static void ClockSetup(void);
 155:Generated_Source\PSoC4/cyfitter_cfg.c **** CY_CFG_SECTION
 156:Generated_Source\PSoC4/cyfitter_cfg.c **** static void ClockSetup(void)
 157:Generated_Source\PSoC4/cyfitter_cfg.c **** {
  51              		.loc 1 157 0
  52              		.cfi_startproc
  53 0000 38B5     		push	{r3, r4, r5, lr}
  54              		.cfi_def_cfa_offset 16
  55              		.cfi_offset 3, -16
  56              		.cfi_offset 4, -12
  57              		.cfi_offset 5, -8
  58              		.cfi_offset 14, -4
 158:Generated_Source\PSoC4/cyfitter_cfg.c **** 	/* Enable HALF_EN before trimming for the flash accelerator. */
 159:Generated_Source\PSoC4/cyfitter_cfg.c **** 	CY_SET_REG32((void CYXDATA *)(CYREG_CLK_SELECT), (CY_GET_REG32((void *)CYREG_CLK_SELECT) | 0x00040
  59              		.loc 1 159 0
  60 0002 1B4C     		ldr	r4, .L3
  61 0004 2368     		ldr	r3, [r4]
  62 0006 8022     		mov	r2, #128
  63 0008 D202     		lsl	r2, r2, #11
  64 000a 1343     		orr	r3, r2
  65 000c 2360     		str	r3, [r4]
 160:Generated_Source\PSoC4/cyfitter_cfg.c **** 
 161:Generated_Source\PSoC4/cyfitter_cfg.c **** 	/* Setup and trim IMO based on desired frequency. */
 162:Generated_Source\PSoC4/cyfitter_cfg.c **** 	CySysClkWriteImoFreq(24u);
  66              		.loc 1 162 0
ARM GAS  C:\Users\Feiyang\AppData\Local\Temp\cc746dZX.s 			page 5


  67 000e 1820     		mov	r0, #24
  68 0010 FFF7FEFF 		bl	CySysClkWriteImoFreq
  69              	.LVL3:
 163:Generated_Source\PSoC4/cyfitter_cfg.c **** 
 164:Generated_Source\PSoC4/cyfitter_cfg.c **** 	/* Disable HALF_EN since it is not required at this IMO frequency. */
 165:Generated_Source\PSoC4/cyfitter_cfg.c **** 	CY_SET_REG32((void CYXDATA *)(CYREG_CLK_SELECT), (CY_GET_REG32((void *)CYREG_CLK_SELECT) & 0xFFFBF
  70              		.loc 1 165 0
  71 0014 2268     		ldr	r2, [r4]
  72 0016 174B     		ldr	r3, .L3+4
  73 0018 1340     		and	r3, r2
  74 001a 2360     		str	r3, [r4]
 166:Generated_Source\PSoC4/cyfitter_cfg.c **** 	/* CYDEV_CLK_ILO_CONFIG Starting address: CYDEV_CLK_ILO_CONFIG */
 167:Generated_Source\PSoC4/cyfitter_cfg.c **** 	CY_SET_XTND_REG32((void CYFAR *)(CYREG_CLK_ILO_CONFIG), 0x80000006u);
  75              		.loc 1 167 0
  76 001c 164A     		ldr	r2, .L3+8
  77 001e 174B     		ldr	r3, .L3+12
  78 0020 1A60     		str	r2, [r3]
 168:Generated_Source\PSoC4/cyfitter_cfg.c **** 
 169:Generated_Source\PSoC4/cyfitter_cfg.c **** 
 170:Generated_Source\PSoC4/cyfitter_cfg.c **** 	/* CYDEV_CLK_SELECT00 Starting address: CYDEV_CLK_SELECT00 */
 171:Generated_Source\PSoC4/cyfitter_cfg.c **** 	CY_SET_XTND_REG32((void CYFAR *)(CYREG_CLK_SELECT02), 0x00000011u);
  79              		.loc 1 171 0
  80 0022 1122     		mov	r2, #17
  81 0024 164B     		ldr	r3, .L3+16
  82 0026 1A60     		str	r2, [r3]
 172:Generated_Source\PSoC4/cyfitter_cfg.c **** 	CY_SET_XTND_REG32((void CYFAR *)(CYREG_CLK_SELECT03), 0x00000030u);
  83              		.loc 1 172 0
  84 0028 1F32     		add	r2, r2, #31
  85 002a 164B     		ldr	r3, .L3+20
  86 002c 1A60     		str	r2, [r3]
 173:Generated_Source\PSoC4/cyfitter_cfg.c **** 	CY_SET_XTND_REG32((void CYFAR *)(CYREG_CLK_SELECT08), 0x00000010u);
  87              		.loc 1 173 0
  88 002e 203A     		sub	r2, r2, #32
  89 0030 154B     		ldr	r3, .L3+24
  90 0032 1A60     		str	r2, [r3]
 174:Generated_Source\PSoC4/cyfitter_cfg.c **** 	CY_SET_XTND_REG32((void CYFAR *)(CYREG_CLK_SELECT09), 0x00000020u);
  91              		.loc 1 174 0
  92 0034 1032     		add	r2, r2, #16
  93 0036 154B     		ldr	r3, .L3+28
  94 0038 1A60     		str	r2, [r3]
 175:Generated_Source\PSoC4/cyfitter_cfg.c **** 
 176:Generated_Source\PSoC4/cyfitter_cfg.c **** 	/* CYDEV_CLK_IMO_CONFIG Starting address: CYDEV_CLK_IMO_CONFIG */
 177:Generated_Source\PSoC4/cyfitter_cfg.c **** 	CY_SET_XTND_REG32((void CYFAR *)(CYREG_CLK_IMO_CONFIG), 0x80000000u);
  95              		.loc 1 177 0
  96 003a 8023     		mov	r3, #128
  97 003c 1B06     		lsl	r3, r3, #24
  98 003e 144A     		ldr	r2, .L3+32
  99 0040 1360     		str	r3, [r2]
 178:Generated_Source\PSoC4/cyfitter_cfg.c **** 
 179:Generated_Source\PSoC4/cyfitter_cfg.c **** 	/* CYDEV_CLK_SELECT Starting address: CYDEV_CLK_SELECT */
 180:Generated_Source\PSoC4/cyfitter_cfg.c **** 	CY_SET_XTND_REG32((void CYFAR *)(CYREG_CLK_SELECT), 0x00000000u);
 100              		.loc 1 180 0
 101 0042 0025     		mov	r5, #0
 102 0044 2560     		str	r5, [r4]
 181:Generated_Source\PSoC4/cyfitter_cfg.c **** 
 182:Generated_Source\PSoC4/cyfitter_cfg.c **** 	/* CYDEV_CLK_DIVIDER_A00 Starting address: CYDEV_CLK_DIVIDER_A00 */
 183:Generated_Source\PSoC4/cyfitter_cfg.c **** 	CY_SET_XTND_REG32((void CYFAR *)(CYREG_CLK_DIVIDER_A00), 0x80000000u);
ARM GAS  C:\Users\Feiyang\AppData\Local\Temp\cc746dZX.s 			page 6


 103              		.loc 1 183 0
 104 0046 134A     		ldr	r2, .L3+36
 105 0048 1360     		str	r3, [r2]
 184:Generated_Source\PSoC4/cyfitter_cfg.c **** 
 185:Generated_Source\PSoC4/cyfitter_cfg.c **** 	/* CYDEV_CLK_DIVIDER_B00 Starting address: CYDEV_CLK_DIVIDER_B00 */
 186:Generated_Source\PSoC4/cyfitter_cfg.c **** 	CY_SET_XTND_REG32((void CYFAR *)(CYREG_CLK_DIVIDER_B00), 0x80000001u);
 106              		.loc 1 186 0
 107 004a 134A     		ldr	r2, .L3+40
 108 004c 134B     		ldr	r3, .L3+44
 109 004e 1A60     		str	r2, [r3]
 187:Generated_Source\PSoC4/cyfitter_cfg.c **** 
 188:Generated_Source\PSoC4/cyfitter_cfg.c **** 	/* CYDEV_CLK_DIVIDER_C00 Starting address: CYDEV_CLK_DIVIDER_C00 */
 189:Generated_Source\PSoC4/cyfitter_cfg.c **** 	CY_SET_XTND_REG32((void CYFAR *)(CYREG_CLK_DIVIDER_C00), 0x80000010u);
 110              		.loc 1 189 0
 111 0050 134B     		ldr	r3, .L3+48
 112 0052 144A     		ldr	r2, .L3+52
 113 0054 1360     		str	r3, [r2]
 190:Generated_Source\PSoC4/cyfitter_cfg.c **** 
 191:Generated_Source\PSoC4/cyfitter_cfg.c **** 	/* CYDEV_CLK_DIVIDER_A01 Starting address: CYDEV_CLK_DIVIDER_A01 */
 192:Generated_Source\PSoC4/cyfitter_cfg.c **** 	CY_SET_XTND_REG32((void CYFAR *)(CYREG_CLK_DIVIDER_A01), 0x80000010u);
 114              		.loc 1 192 0
 115 0056 144A     		ldr	r2, .L3+56
 116 0058 1360     		str	r3, [r2]
 193:Generated_Source\PSoC4/cyfitter_cfg.c **** 
 194:Generated_Source\PSoC4/cyfitter_cfg.c **** 	(void)CyIntSetVector(9u, &CySysWdtIsr);
 117              		.loc 1 194 0
 118 005a 0920     		mov	r0, #9
 119 005c 1349     		ldr	r1, .L3+60
 120 005e FFF7FEFF 		bl	CyIntSetVector
 121              	.LVL4:
 195:Generated_Source\PSoC4/cyfitter_cfg.c **** 	CyIntEnable(9u);
 122              		.loc 1 195 0
 123 0062 0920     		mov	r0, #9
 124 0064 FFF7FEFF 		bl	CyIntEnable
 125              	.LVL5:
 196:Generated_Source\PSoC4/cyfitter_cfg.c **** 	CY_SET_XTND_REG32((void CYFAR *)(CYREG_WDT_CONFIG), 0x00000000u);
 126              		.loc 1 196 0
 127 0068 114B     		ldr	r3, .L3+64
 128 006a 1D60     		str	r5, [r3]
 197:Generated_Source\PSoC4/cyfitter_cfg.c **** }
 129              		.loc 1 197 0
 130              		@ sp needed
 131 006c 38BD     		pop	{r3, r4, r5, pc}
 132              	.L4:
 133 006e C046     		.align	2
 134              	.L3:
 135 0070 00010B40 		.word	1074462976
 136 0074 FFFFFBFF 		.word	-262145
 137 0078 06000080 		.word	-2147483642
 138 007c 04010B40 		.word	1074462980
 139 0080 08020240 		.word	1073873416
 140 0084 0C020240 		.word	1073873420
 141 0088 20020240 		.word	1073873440
 142 008c 24020240 		.word	1073873444
 143 0090 08010B40 		.word	1074462984
 144 0094 00000240 		.word	1073872896
 145 0098 01000080 		.word	-2147483647
ARM GAS  C:\Users\Feiyang\AppData\Local\Temp\cc746dZX.s 			page 7


 146 009c 40000240 		.word	1073872960
 147 00a0 10000080 		.word	-2147483632
 148 00a4 80000240 		.word	1073873024
 149 00a8 04000240 		.word	1073872900
 150 00ac 00000000 		.word	CySysWdtIsr
 151 00b0 0C020B40 		.word	1074463244
 152              		.cfi_endproc
 153              	.LFE3:
 154              		.size	ClockSetup, .-ClockSetup
 155              		.align	2
 156              		.global	cyfitter_cfg
 157              		.code	16
 158              		.thumb_func
 159              		.type	cyfitter_cfg, %function
 160              	cyfitter_cfg:
 161              	.LFB5:
 198:Generated_Source\PSoC4/cyfitter_cfg.c **** 
 199:Generated_Source\PSoC4/cyfitter_cfg.c **** 
 200:Generated_Source\PSoC4/cyfitter_cfg.c **** /* Analog API Functions */
 201:Generated_Source\PSoC4/cyfitter_cfg.c **** 
 202:Generated_Source\PSoC4/cyfitter_cfg.c **** 
 203:Generated_Source\PSoC4/cyfitter_cfg.c **** /*******************************************************************************
 204:Generated_Source\PSoC4/cyfitter_cfg.c **** * Function Name: AnalogSetDefault
 205:Generated_Source\PSoC4/cyfitter_cfg.c **** ********************************************************************************
 206:Generated_Source\PSoC4/cyfitter_cfg.c **** *
 207:Generated_Source\PSoC4/cyfitter_cfg.c **** * Summary:
 208:Generated_Source\PSoC4/cyfitter_cfg.c **** *  Sets up the analog portions of the chip to default values based on chip
 209:Generated_Source\PSoC4/cyfitter_cfg.c **** *  configuration options from the project.
 210:Generated_Source\PSoC4/cyfitter_cfg.c **** *
 211:Generated_Source\PSoC4/cyfitter_cfg.c **** * Parameters:
 212:Generated_Source\PSoC4/cyfitter_cfg.c **** *  void
 213:Generated_Source\PSoC4/cyfitter_cfg.c **** *
 214:Generated_Source\PSoC4/cyfitter_cfg.c **** * Return:
 215:Generated_Source\PSoC4/cyfitter_cfg.c **** *  void
 216:Generated_Source\PSoC4/cyfitter_cfg.c **** *
 217:Generated_Source\PSoC4/cyfitter_cfg.c **** *******************************************************************************/
 218:Generated_Source\PSoC4/cyfitter_cfg.c **** static void AnalogSetDefault(void);
 219:Generated_Source\PSoC4/cyfitter_cfg.c **** static void AnalogSetDefault(void)
 220:Generated_Source\PSoC4/cyfitter_cfg.c **** {
 221:Generated_Source\PSoC4/cyfitter_cfg.c **** }
 222:Generated_Source\PSoC4/cyfitter_cfg.c **** 
 223:Generated_Source\PSoC4/cyfitter_cfg.c **** #define CY_AMUX_UNUSED CYREG_CM0_ROM_DWT
 224:Generated_Source\PSoC4/cyfitter_cfg.c **** 
 225:Generated_Source\PSoC4/cyfitter_cfg.c **** 
 226:Generated_Source\PSoC4/cyfitter_cfg.c **** /*******************************************************************************
 227:Generated_Source\PSoC4/cyfitter_cfg.c **** * Function Name: cyfitter_cfg
 228:Generated_Source\PSoC4/cyfitter_cfg.c **** ********************************************************************************
 229:Generated_Source\PSoC4/cyfitter_cfg.c **** * Summary:
 230:Generated_Source\PSoC4/cyfitter_cfg.c **** *  This function is called by the start-up code for the selected device. It
 231:Generated_Source\PSoC4/cyfitter_cfg.c **** *  performs all of the necessary device configuration based on the design
 232:Generated_Source\PSoC4/cyfitter_cfg.c **** *  settings.  This includes settings from the Design Wide Resources (DWR) such
 233:Generated_Source\PSoC4/cyfitter_cfg.c **** *  as Clocks and Pins as well as any component configuration that is necessary.
 234:Generated_Source\PSoC4/cyfitter_cfg.c **** *
 235:Generated_Source\PSoC4/cyfitter_cfg.c **** * Parameters:  
 236:Generated_Source\PSoC4/cyfitter_cfg.c **** *   void
 237:Generated_Source\PSoC4/cyfitter_cfg.c **** *
 238:Generated_Source\PSoC4/cyfitter_cfg.c **** * Return:
ARM GAS  C:\Users\Feiyang\AppData\Local\Temp\cc746dZX.s 			page 8


 239:Generated_Source\PSoC4/cyfitter_cfg.c **** *   void
 240:Generated_Source\PSoC4/cyfitter_cfg.c **** *
 241:Generated_Source\PSoC4/cyfitter_cfg.c **** *******************************************************************************/
 242:Generated_Source\PSoC4/cyfitter_cfg.c **** CY_CFG_SECTION
 243:Generated_Source\PSoC4/cyfitter_cfg.c **** void cyfitter_cfg(void)
 244:Generated_Source\PSoC4/cyfitter_cfg.c **** {
 162              		.loc 1 244 0
 163              		.cfi_startproc
 164 00b4 10B5     		push	{r4, lr}
 165              		.cfi_def_cfa_offset 8
 166              		.cfi_offset 4, -8
 167              		.cfi_offset 14, -4
 245:Generated_Source\PSoC4/cyfitter_cfg.c **** 	/* Disable interrupts by default. Let user enable if/when they want. */
 246:Generated_Source\PSoC4/cyfitter_cfg.c **** 	CyGlobalIntDisable;
 168              		.loc 1 246 0
 169              	@ 246 "Generated_Source\PSoC4\cyfitter_cfg.c" 1
 170 00b6 72B6     		CPSID   i
 171              	@ 0 "" 2
 172              	.LVL6:
 173              		.code	16
 174              	.LBB2:
 247:Generated_Source\PSoC4/cyfitter_cfg.c **** 
 248:Generated_Source\PSoC4/cyfitter_cfg.c **** 	{
 249:Generated_Source\PSoC4/cyfitter_cfg.c **** 
 250:Generated_Source\PSoC4/cyfitter_cfg.c **** 		CYPACKED typedef struct {
 251:Generated_Source\PSoC4/cyfitter_cfg.c **** 			void CYFAR *address;
 252:Generated_Source\PSoC4/cyfitter_cfg.c **** 			uint16 size;
 253:Generated_Source\PSoC4/cyfitter_cfg.c **** 		} CYPACKED_ATTR cfg_memset_t;
 254:Generated_Source\PSoC4/cyfitter_cfg.c **** 
 255:Generated_Source\PSoC4/cyfitter_cfg.c **** 		static const cfg_memset_t CYCODE cfg_memset_list [] = {
 256:Generated_Source\PSoC4/cyfitter_cfg.c **** 			/* address, size */
 257:Generated_Source\PSoC4/cyfitter_cfg.c **** 			{(void CYFAR *)(CYDEV_UDB_P0_U0_BASE), 1024u},
 258:Generated_Source\PSoC4/cyfitter_cfg.c **** 			{(void CYFAR *)(CYDEV_UDB_DSI0_BASE), 1024u},
 259:Generated_Source\PSoC4/cyfitter_cfg.c **** 		};
 260:Generated_Source\PSoC4/cyfitter_cfg.c **** 
 261:Generated_Source\PSoC4/cyfitter_cfg.c **** 		uint8 CYDATA i;
 262:Generated_Source\PSoC4/cyfitter_cfg.c **** 
 263:Generated_Source\PSoC4/cyfitter_cfg.c **** 		/* Zero out critical memory blocks before beginning configuration */
 264:Generated_Source\PSoC4/cyfitter_cfg.c **** 		for (i = 0u; i < (sizeof(cfg_memset_list)/sizeof(cfg_memset_list[0])); i++)
 175              		.loc 1 264 0
 176 00b8 0024     		mov	r4, #0
 177 00ba 10E0     		b	.L6
 178              	.LVL7:
 179              	.L7:
 180              	.LBB3:
 265:Generated_Source\PSoC4/cyfitter_cfg.c **** 		{
 266:Generated_Source\PSoC4/cyfitter_cfg.c **** 			const cfg_memset_t CYCODE * CYDATA ms = &cfg_memset_list[i];
 267:Generated_Source\PSoC4/cyfitter_cfg.c **** 			CYMEMZERO(ms->address, (size_t)(uint32)(ms->size));
 181              		.loc 1 267 0 discriminator 3
 182 00bc 2948     		ldr	r0, .L8
 183 00be 6300     		lsl	r3, r4, #1
 184 00c0 1A19     		add	r2, r3, r4
 185 00c2 5200     		lsl	r2, r2, #1
 186 00c4 8218     		add	r2, r0, r2
 187 00c6 9188     		ldrh	r1, [r2, #4]
 188 00c8 1B19     		add	r3, r3, r4
 189 00ca 5B00     		lsl	r3, r3, #1
ARM GAS  C:\Users\Feiyang\AppData\Local\Temp\cc746dZX.s 			page 9


 190 00cc 1A5A     		ldrh	r2, [r3, r0]
 191 00ce C318     		add	r3, r0, r3
 192 00d0 5888     		ldrh	r0, [r3, #2]
 193 00d2 0004     		lsl	r0, r0, #16
 194 00d4 1043     		orr	r0, r2
 195 00d6 FFF7FEFF 		bl	CYMEMZERO
 196              	.LVL8:
 197              	.LBE3:
 264:Generated_Source\PSoC4/cyfitter_cfg.c **** 		{
 198              		.loc 1 264 0 discriminator 3
 199 00da 0134     		add	r4, r4, #1
 200              	.LVL9:
 201 00dc E4B2     		uxtb	r4, r4
 202              	.LVL10:
 203              	.L6:
 264:Generated_Source\PSoC4/cyfitter_cfg.c **** 		{
 204              		.loc 1 264 0 is_stmt 0 discriminator 1
 205 00de 012C     		cmp	r4, #1
 206 00e0 ECD9     		bls	.L7
 268:Generated_Source\PSoC4/cyfitter_cfg.c **** 		}
 269:Generated_Source\PSoC4/cyfitter_cfg.c **** 
 270:Generated_Source\PSoC4/cyfitter_cfg.c **** 		/* HSIOM Starting address: CYDEV_HSIOM_BASE */
 271:Generated_Source\PSoC4/cyfitter_cfg.c **** 		CY_SET_XTND_REG32((void CYFAR *)(CYDEV_HSIOM_BASE), 0x00990000u);
 207              		.loc 1 271 0 is_stmt 1
 208 00e2 9923     		mov	r3, #153
 209 00e4 1B04     		lsl	r3, r3, #16
 210 00e6 204A     		ldr	r2, .L8+4
 211 00e8 1360     		str	r3, [r2]
 272:Generated_Source\PSoC4/cyfitter_cfg.c **** 		CY_SET_XTND_REG32((void CYFAR *)(CYREG_HSIOM_PORT_SEL3), 0x0000EE00u);
 212              		.loc 1 272 0
 213 00ea EE21     		mov	r1, #238
 214 00ec 0902     		lsl	r1, r1, #8
 215 00ee 1F4A     		ldr	r2, .L8+8
 216 00f0 1160     		str	r1, [r2]
 273:Generated_Source\PSoC4/cyfitter_cfg.c **** 		CY_SET_XTND_REG32((void CYFAR *)(CYREG_HSIOM_PORT_SEL4), 0x00000099u);
 217              		.loc 1 273 0
 218 00f2 9921     		mov	r1, #153
 219 00f4 1E4A     		ldr	r2, .L8+12
 220 00f6 1160     		str	r1, [r2]
 274:Generated_Source\PSoC4/cyfitter_cfg.c **** 
 275:Generated_Source\PSoC4/cyfitter_cfg.c **** 		/* UDB_PA_0 Starting address: CYDEV_UDB_PA0_BASE */
 276:Generated_Source\PSoC4/cyfitter_cfg.c **** 		CY_SET_XTND_REG32((void CYFAR *)(CYDEV_UDB_PA0_BASE), 0x00990000u);
 221              		.loc 1 276 0
 222 00f8 1E4A     		ldr	r2, .L8+16
 223 00fa 1360     		str	r3, [r2]
 277:Generated_Source\PSoC4/cyfitter_cfg.c **** 
 278:Generated_Source\PSoC4/cyfitter_cfg.c **** 		/* UDB_PA_1 Starting address: CYDEV_UDB_PA1_BASE */
 279:Generated_Source\PSoC4/cyfitter_cfg.c **** 		CY_SET_XTND_REG32((void CYFAR *)(CYDEV_UDB_PA1_BASE), 0x00990000u);
 224              		.loc 1 279 0
 225 00fc 1E4A     		ldr	r2, .L8+20
 226 00fe 1360     		str	r3, [r2]
 280:Generated_Source\PSoC4/cyfitter_cfg.c **** 
 281:Generated_Source\PSoC4/cyfitter_cfg.c **** 		/* UDB_PA_2 Starting address: CYDEV_UDB_PA2_BASE */
 282:Generated_Source\PSoC4/cyfitter_cfg.c **** 		CY_SET_XTND_REG32((void CYFAR *)(CYDEV_UDB_PA2_BASE), 0x00990000u);
 227              		.loc 1 282 0
 228 0100 1E4A     		ldr	r2, .L8+24
 229 0102 1360     		str	r3, [r2]
ARM GAS  C:\Users\Feiyang\AppData\Local\Temp\cc746dZX.s 			page 10


 283:Generated_Source\PSoC4/cyfitter_cfg.c **** 
 284:Generated_Source\PSoC4/cyfitter_cfg.c **** 		/* UDB_PA_3 Starting address: CYDEV_UDB_PA3_BASE */
 285:Generated_Source\PSoC4/cyfitter_cfg.c **** 		CY_SET_XTND_REG32((void CYFAR *)(CYDEV_UDB_PA3_BASE), 0x00990000u);
 230              		.loc 1 285 0
 231 0104 1E4A     		ldr	r2, .L8+28
 232 0106 1360     		str	r3, [r2]
 286:Generated_Source\PSoC4/cyfitter_cfg.c **** 
 287:Generated_Source\PSoC4/cyfitter_cfg.c **** 		/* Enable digital routing */
 288:Generated_Source\PSoC4/cyfitter_cfg.c **** 		CY_SET_XTND_REG8((void *)CYREG_UDB_UDBIF_BANK_CTL, CY_GET_XTND_REG8((void *)CYREG_UDB_UDBIF_BANK_
 233              		.loc 1 288 0
 234 0108 1E4B     		ldr	r3, .L8+32
 235 010a 1978     		ldrb	r1, [r3]
 236 010c 0220     		mov	r0, #2
 237 010e 0222     		mov	r2, #2
 238 0110 0A43     		orr	r2, r1
 239 0112 1A70     		strb	r2, [r3]
 289:Generated_Source\PSoC4/cyfitter_cfg.c **** 
 290:Generated_Source\PSoC4/cyfitter_cfg.c **** 		/* Enable UDB array */
 291:Generated_Source\PSoC4/cyfitter_cfg.c **** 		CY_SET_XTND_REG8((void *)CYREG_UDB_UDBIF_WAIT_CFG, (uint8)((CY_GET_XTND_REG8((void *)CYREG_UDB_UD
 240              		.loc 1 291 0
 241 0114 1C4C     		ldr	r4, .L8+36
 242              	.LVL11:
 243 0116 2278     		ldrb	r2, [r4]
 244 0118 3C21     		mov	r1, #60
 245 011a 8A43     		bic	r2, r1
 246 011c 2839     		sub	r1, r1, #40
 247 011e 0A43     		orr	r2, r1
 248 0120 2270     		strb	r2, [r4]
 292:Generated_Source\PSoC4/cyfitter_cfg.c **** 		CY_SET_XTND_REG8((void *)CYREG_UDB_UDBIF_BANK_CTL, (uint8)(CY_GET_XTND_REG8((void *)CYREG_UDB_UDB
 249              		.loc 1 292 0
 250 0122 1978     		ldrb	r1, [r3]
 251 0124 1622     		mov	r2, #22
 252 0126 0A43     		orr	r2, r1
 253 0128 1A70     		strb	r2, [r3]
 254              	.LBE2:
 293:Generated_Source\PSoC4/cyfitter_cfg.c **** 	}
 294:Generated_Source\PSoC4/cyfitter_cfg.c **** 
 295:Generated_Source\PSoC4/cyfitter_cfg.c **** 	/* Perform second pass device configuration. These items must be configured in specific order afte
 296:Generated_Source\PSoC4/cyfitter_cfg.c **** 	/* IOPINS0_0 Starting address: CYDEV_PRT0_BASE */
 297:Generated_Source\PSoC4/cyfitter_cfg.c **** 	CY_SET_XTND_REG32((void CYFAR *)(CYDEV_PRT0_BASE), 0x00000020u);
 255              		.loc 1 297 0
 256 012a 2023     		mov	r3, #32
 257 012c 174A     		ldr	r2, .L8+40
 258 012e 1360     		str	r3, [r2]
 298:Generated_Source\PSoC4/cyfitter_cfg.c **** 	CY_SET_XTND_REG32((void CYFAR *)(CYREG_PRT0_PC), 0x00DB1DB6u);
 259              		.loc 1 298 0
 260 0130 1749     		ldr	r1, .L8+44
 261 0132 184A     		ldr	r2, .L8+48
 262 0134 1160     		str	r1, [r2]
 299:Generated_Source\PSoC4/cyfitter_cfg.c **** 	CY_SET_XTND_REG32((void CYFAR *)(CYREG_PRT0_PC2), 0x00000020u);
 263              		.loc 1 299 0
 264 0136 184A     		ldr	r2, .L8+52
 265 0138 1360     		str	r3, [r2]
 300:Generated_Source\PSoC4/cyfitter_cfg.c **** 
 301:Generated_Source\PSoC4/cyfitter_cfg.c **** 	/* IOPINS0_1 Starting address: CYDEV_PRT1_BASE */
 302:Generated_Source\PSoC4/cyfitter_cfg.c **** 	CY_SET_XTND_REG32((void CYFAR *)(CYREG_PRT1_PC), 0x00DB6DB6u);
 266              		.loc 1 302 0
ARM GAS  C:\Users\Feiyang\AppData\Local\Temp\cc746dZX.s 			page 11


 267 013a 184A     		ldr	r2, .L8+56
 268 013c 184B     		ldr	r3, .L8+60
 269 013e 1A60     		str	r2, [r3]
 303:Generated_Source\PSoC4/cyfitter_cfg.c **** 
 304:Generated_Source\PSoC4/cyfitter_cfg.c **** 	/* IOPINS0_2 Starting address: CYDEV_PRT2_BASE */
 305:Generated_Source\PSoC4/cyfitter_cfg.c **** 	CY_SET_XTND_REG32((void CYFAR *)(CYREG_PRT2_PC), 0x00000036u);
 270              		.loc 1 305 0
 271 0140 3622     		mov	r2, #54
 272 0142 184B     		ldr	r3, .L8+64
 273 0144 1A60     		str	r2, [r3]
 306:Generated_Source\PSoC4/cyfitter_cfg.c **** 
 307:Generated_Source\PSoC4/cyfitter_cfg.c **** 	/* IOPINS0_3 Starting address: CYDEV_PRT3_BASE */
 308:Generated_Source\PSoC4/cyfitter_cfg.c **** 	CY_SET_XTND_REG32((void CYFAR *)(CYREG_PRT3_PC), 0x00000D80u);
 274              		.loc 1 308 0
 275 0146 D822     		mov	r2, #216
 276 0148 1201     		lsl	r2, r2, #4
 277 014a 174B     		ldr	r3, .L8+68
 278 014c 1A60     		str	r2, [r3]
 309:Generated_Source\PSoC4/cyfitter_cfg.c **** 
 310:Generated_Source\PSoC4/cyfitter_cfg.c **** 	/* IOPINS0_4 Starting address: CYDEV_PRT4_BASE */
 311:Generated_Source\PSoC4/cyfitter_cfg.c **** 	CY_SET_XTND_REG32((void CYFAR *)(CYDEV_PRT4_BASE), 0x00000002u);
 279              		.loc 1 311 0
 280 014e 174B     		ldr	r3, .L8+72
 281 0150 1860     		str	r0, [r3]
 312:Generated_Source\PSoC4/cyfitter_cfg.c **** 	CY_SET_XTND_REG32((void CYFAR *)(CYREG_PRT4_PC), 0x00000031u);
 282              		.loc 1 312 0
 283 0152 3122     		mov	r2, #49
 284 0154 164B     		ldr	r3, .L8+76
 285 0156 1A60     		str	r2, [r3]
 313:Generated_Source\PSoC4/cyfitter_cfg.c **** 	CY_SET_XTND_REG32((void CYFAR *)(CYREG_PRT4_PC2), 0x00000002u);
 286              		.loc 1 313 0
 287 0158 164B     		ldr	r3, .L8+80
 288 015a 1860     		str	r0, [r3]
 314:Generated_Source\PSoC4/cyfitter_cfg.c **** 
 315:Generated_Source\PSoC4/cyfitter_cfg.c **** 
 316:Generated_Source\PSoC4/cyfitter_cfg.c **** 	/* Setup clocks based on selections from Clock DWR */
 317:Generated_Source\PSoC4/cyfitter_cfg.c **** 	ClockSetup();
 289              		.loc 1 317 0
 290 015c FFF750FF 		bl	ClockSetup
 291              	.LVL12:
 318:Generated_Source\PSoC4/cyfitter_cfg.c **** 
 319:Generated_Source\PSoC4/cyfitter_cfg.c **** 	/* Perform basic analog initialization to defaults */
 320:Generated_Source\PSoC4/cyfitter_cfg.c **** 	AnalogSetDefault();
 321:Generated_Source\PSoC4/cyfitter_cfg.c **** 
 322:Generated_Source\PSoC4/cyfitter_cfg.c **** }
 292              		.loc 1 322 0
 293              		@ sp needed
 294 0160 10BD     		pop	{r4, pc}
 295              	.L9:
 296 0162 C046     		.align	2
 297              	.L8:
 298 0164 00000000 		.word	.LANCHOR0
 299 0168 00000140 		.word	1073807360
 300 016c 0C000140 		.word	1073807372
 301 0170 10000140 		.word	1073807376
 302 0174 00500F40 		.word	1074745344
 303 0178 10500F40 		.word	1074745360
ARM GAS  C:\Users\Feiyang\AppData\Local\Temp\cc746dZX.s 			page 12


 304 017c 20500F40 		.word	1074745376
 305 0180 30500F40 		.word	1074745392
 306 0184 00700F40 		.word	1074753536
 307 0188 01700F40 		.word	1074753537
 308 018c 00000440 		.word	1074003968
 309 0190 B61DDB00 		.word	14359990
 310 0194 08000440 		.word	1074003976
 311 0198 18000440 		.word	1074003992
 312 019c B66DDB00 		.word	14380470
 313 01a0 08010440 		.word	1074004232
 314 01a4 08020440 		.word	1074004488
 315 01a8 08030440 		.word	1074004744
 316 01ac 00040440 		.word	1074004992
 317 01b0 08040440 		.word	1074005000
 318 01b4 18040440 		.word	1074005016
 319              		.cfi_endproc
 320              	.LFE5:
 321              		.size	cyfitter_cfg, .-cyfitter_cfg
 322              		.section	.rodata
 323              		.align	2
 324              		.set	.LANCHOR0,. + 0
 325              		.type	cfg_memset_list.4725, %object
 326              		.size	cfg_memset_list.4725, 12
 327              	cfg_memset_list.4725:
 328 0000 00300F40 		.word	1074737152
 329 0004 0004     		.short	1024
 330 0006 00400F40 		.4byte	1074741248
 331 000a 0004     		.short	1024
 332              		.text
 333              	.Letext0:
 334              		.file 2 "c:\\program files (x86)\\cypress\\psoc creator\\4.0\\psoc creator\\import\\gnu\\arm\\4.9.
 335              		.file 3 "Generated_Source\\PSoC4\\cytypes.h"
 336              		.file 4 "Generated_Source\\PSoC4\\CyLib.h"
 337              		.section	.debug_info,"",%progbits
 338              	.Ldebug_info0:
 339 0000 91020000 		.4byte	0x291
 340 0004 0400     		.2byte	0x4
 341 0006 00000000 		.4byte	.Ldebug_abbrev0
 342 000a 04       		.byte	0x4
 343 000b 01       		.uleb128 0x1
 344 000c 58010000 		.4byte	.LASF28
 345 0010 01       		.byte	0x1
 346 0011 1A020000 		.4byte	.LASF29
 347 0015 0D000000 		.4byte	.LASF30
 348 0019 00000000 		.4byte	.Ldebug_ranges0+0
 349 001d 00000000 		.4byte	0
 350 0021 00000000 		.4byte	.Ldebug_line0
 351 0025 02       		.uleb128 0x2
 352 0026 04       		.byte	0x4
 353 0027 05       		.byte	0x5
 354 0028 696E7400 		.ascii	"int\000"
 355 002c 03       		.uleb128 0x3
 356 002d 06000000 		.4byte	.LASF11
 357 0031 02       		.byte	0x2
 358 0032 D4       		.byte	0xd4
 359 0033 37000000 		.4byte	0x37
 360 0037 04       		.uleb128 0x4
ARM GAS  C:\Users\Feiyang\AppData\Local\Temp\cc746dZX.s 			page 13


 361 0038 04       		.byte	0x4
 362 0039 07       		.byte	0x7
 363 003a E9000000 		.4byte	.LASF0
 364 003e 04       		.uleb128 0x4
 365 003f 01       		.byte	0x1
 366 0040 06       		.byte	0x6
 367 0041 0E020000 		.4byte	.LASF1
 368 0045 04       		.uleb128 0x4
 369 0046 01       		.byte	0x1
 370 0047 08       		.byte	0x8
 371 0048 B3000000 		.4byte	.LASF2
 372 004c 04       		.uleb128 0x4
 373 004d 02       		.byte	0x2
 374 004e 05       		.byte	0x5
 375 004f E6010000 		.4byte	.LASF3
 376 0053 04       		.uleb128 0x4
 377 0054 02       		.byte	0x2
 378 0055 07       		.byte	0x7
 379 0056 6E000000 		.4byte	.LASF4
 380 005a 04       		.uleb128 0x4
 381 005b 04       		.byte	0x4
 382 005c 05       		.byte	0x5
 383 005d 05020000 		.4byte	.LASF5
 384 0061 04       		.uleb128 0x4
 385 0062 04       		.byte	0x4
 386 0063 07       		.byte	0x7
 387 0064 91000000 		.4byte	.LASF6
 388 0068 04       		.uleb128 0x4
 389 0069 08       		.byte	0x8
 390 006a 05       		.byte	0x5
 391 006b 45010000 		.4byte	.LASF7
 392 006f 04       		.uleb128 0x4
 393 0070 08       		.byte	0x8
 394 0071 07       		.byte	0x7
 395 0072 0B010000 		.4byte	.LASF8
 396 0076 04       		.uleb128 0x4
 397 0077 04       		.byte	0x4
 398 0078 07       		.byte	0x7
 399 0079 3C010000 		.4byte	.LASF9
 400 007d 05       		.uleb128 0x5
 401 007e 04       		.byte	0x4
 402 007f 06       		.uleb128 0x6
 403 0080 04       		.byte	0x4
 404 0081 85000000 		.4byte	0x85
 405 0085 07       		.uleb128 0x7
 406 0086 04       		.uleb128 0x4
 407 0087 01       		.byte	0x1
 408 0088 08       		.byte	0x8
 409 0089 53010000 		.4byte	.LASF10
 410 008d 08       		.uleb128 0x8
 411 008e A3000000 		.4byte	.LASF12
 412 0092 03       		.byte	0x3
 413 0093 B901     		.2byte	0x1b9
 414 0095 45000000 		.4byte	0x45
 415 0099 08       		.uleb128 0x8
 416 009a DB000000 		.4byte	.LASF13
 417 009e 03       		.byte	0x3
ARM GAS  C:\Users\Feiyang\AppData\Local\Temp\cc746dZX.s 			page 14


 418 009f BA01     		.2byte	0x1ba
 419 00a1 53000000 		.4byte	0x53
 420 00a5 08       		.uleb128 0x8
 421 00a6 E2000000 		.4byte	.LASF14
 422 00aa 03       		.byte	0x3
 423 00ab BB01     		.2byte	0x1bb
 424 00ad 61000000 		.4byte	0x61
 425 00b1 04       		.uleb128 0x4
 426 00b2 04       		.byte	0x4
 427 00b3 04       		.byte	0x4
 428 00b4 81000000 		.4byte	.LASF15
 429 00b8 04       		.uleb128 0x4
 430 00b9 08       		.byte	0x8
 431 00ba 04       		.byte	0x4
 432 00bb C8000000 		.4byte	.LASF16
 433 00bf 08       		.uleb128 0x8
 434 00c0 8C000000 		.4byte	.LASF17
 435 00c4 03       		.byte	0x3
 436 00c5 6302     		.2byte	0x263
 437 00c7 CB000000 		.4byte	0xcb
 438 00cb 09       		.uleb128 0x9
 439 00cc 8D000000 		.4byte	0x8d
 440 00d0 08       		.uleb128 0x8
 441 00d1 00000000 		.4byte	.LASF18
 442 00d5 03       		.byte	0x3
 443 00d6 6502     		.2byte	0x265
 444 00d8 DC000000 		.4byte	0xdc
 445 00dc 09       		.uleb128 0x9
 446 00dd A5000000 		.4byte	0xa5
 447 00e1 08       		.uleb128 0x8
 448 00e2 22010000 		.4byte	.LASF19
 449 00e6 03       		.byte	0x3
 450 00e7 7502     		.2byte	0x275
 451 00e9 7F000000 		.4byte	0x7f
 452 00ed 0A       		.uleb128 0xa
 453 00ee A9000000 		.4byte	.LASF20
 454 00f2 01       		.byte	0x1
 455 00f3 3E       		.byte	0x3e
 456 00f4 00000000 		.4byte	.LFB0
 457 00f8 0C000000 		.4byte	.LFE0-.LFB0
 458 00fc 01       		.uleb128 0x1
 459 00fd 9C       		.byte	0x9c
 460 00fe 3A010000 		.4byte	0x13a
 461 0102 0B       		.uleb128 0xb
 462 0103 7300     		.ascii	"s\000"
 463 0105 01       		.byte	0x1
 464 0106 3E       		.byte	0x3e
 465 0107 7D000000 		.4byte	0x7d
 466 010b 00000000 		.4byte	.LLST0
 467 010f 0B       		.uleb128 0xb
 468 0110 6E00     		.ascii	"n\000"
 469 0112 01       		.byte	0x1
 470 0113 3E       		.byte	0x3e
 471 0114 2C000000 		.4byte	0x2c
 472 0118 21000000 		.4byte	.LLST1
 473 011c 0C       		.uleb128 0xc
 474 011d 0A000000 		.4byte	.LVL2
ARM GAS  C:\Users\Feiyang\AppData\Local\Temp\cc746dZX.s 			page 15


 475 0121 3F020000 		.4byte	0x23f
 476 0125 0D       		.uleb128 0xd
 477 0126 01       		.uleb128 0x1
 478 0127 52       		.byte	0x52
 479 0128 03       		.uleb128 0x3
 480 0129 F3       		.byte	0xf3
 481 012a 01       		.uleb128 0x1
 482 012b 51       		.byte	0x51
 483 012c 0D       		.uleb128 0xd
 484 012d 01       		.uleb128 0x1
 485 012e 51       		.byte	0x51
 486 012f 01       		.uleb128 0x1
 487 0130 30       		.byte	0x30
 488 0131 0D       		.uleb128 0xd
 489 0132 01       		.uleb128 0x1
 490 0133 50       		.byte	0x50
 491 0134 03       		.uleb128 0x3
 492 0135 F3       		.byte	0xf3
 493 0136 01       		.uleb128 0x1
 494 0137 50       		.byte	0x50
 495 0138 00       		.byte	0
 496 0139 00       		.byte	0
 497 013a 0A       		.uleb128 0xa
 498 013b 63000000 		.4byte	.LASF21
 499 013f 01       		.byte	0x1
 500 0140 9C       		.byte	0x9c
 501 0141 00000000 		.4byte	.LFB3
 502 0145 B4000000 		.4byte	.LFE3-.LFB3
 503 0149 01       		.uleb128 0x1
 504 014a 9C       		.byte	0x9c
 505 014b 85010000 		.4byte	0x185
 506 014f 0E       		.uleb128 0xe
 507 0150 14000000 		.4byte	.LVL3
 508 0154 5C020000 		.4byte	0x25c
 509 0158 62010000 		.4byte	0x162
 510 015c 0D       		.uleb128 0xd
 511 015d 01       		.uleb128 0x1
 512 015e 50       		.byte	0x50
 513 015f 01       		.uleb128 0x1
 514 0160 48       		.byte	0x48
 515 0161 00       		.byte	0
 516 0162 0E       		.uleb128 0xe
 517 0163 62000000 		.4byte	.LVL4
 518 0167 6D020000 		.4byte	0x26d
 519 016b 75010000 		.4byte	0x175
 520 016f 0D       		.uleb128 0xd
 521 0170 01       		.uleb128 0x1
 522 0171 50       		.byte	0x50
 523 0172 01       		.uleb128 0x1
 524 0173 39       		.byte	0x39
 525 0174 00       		.byte	0
 526 0175 0C       		.uleb128 0xc
 527 0176 68000000 		.4byte	.LVL5
 528 017a 87020000 		.4byte	0x287
 529 017e 0D       		.uleb128 0xd
 530 017f 01       		.uleb128 0x1
 531 0180 50       		.byte	0x50
ARM GAS  C:\Users\Feiyang\AppData\Local\Temp\cc746dZX.s 			page 16


 532 0181 01       		.uleb128 0x1
 533 0182 39       		.byte	0x39
 534 0183 00       		.byte	0
 535 0184 00       		.byte	0
 536 0185 0F       		.uleb128 0xf
 537 0186 F6000000 		.4byte	.LASF31
 538 018a 01       		.byte	0x1
 539 018b F3       		.byte	0xf3
 540 018c B4000000 		.4byte	.LFB5
 541 0190 04010000 		.4byte	.LFE5-.LFB5
 542 0194 01       		.uleb128 0x1
 543 0195 9C       		.byte	0x9c
 544 0196 3F020000 		.4byte	0x23f
 545 019a 10       		.uleb128 0x10
 546 019b B8000000 		.4byte	.LBB2
 547 019f 72000000 		.4byte	.LBE2-.LBB2
 548 01a3 35020000 		.4byte	0x235
 549 01a7 11       		.uleb128 0x11
 550 01a8 06       		.byte	0x6
 551 01a9 01       		.byte	0x1
 552 01aa FA       		.byte	0xfa
 553 01ab C8010000 		.4byte	0x1c8
 554 01af 12       		.uleb128 0x12
 555 01b0 03010000 		.4byte	.LASF22
 556 01b4 01       		.byte	0x1
 557 01b5 FB       		.byte	0xfb
 558 01b6 7D000000 		.4byte	0x7d
 559 01ba 00       		.byte	0
 560 01bb 12       		.uleb128 0x12
 561 01bc 87000000 		.4byte	.LASF23
 562 01c0 01       		.byte	0x1
 563 01c1 FC       		.byte	0xfc
 564 01c2 99000000 		.4byte	0x99
 565 01c6 04       		.byte	0x4
 566 01c7 00       		.byte	0
 567 01c8 03       		.uleb128 0x3
 568 01c9 2F010000 		.4byte	.LASF24
 569 01cd 01       		.byte	0x1
 570 01ce FD       		.byte	0xfd
 571 01cf A7010000 		.4byte	0x1a7
 572 01d3 13       		.uleb128 0x13
 573 01d4 C8010000 		.4byte	0x1c8
 574 01d8 E3010000 		.4byte	0x1e3
 575 01dc 14       		.uleb128 0x14
 576 01dd 76000000 		.4byte	0x76
 577 01e1 01       		.byte	0x1
 578 01e2 00       		.byte	0
 579 01e3 15       		.uleb128 0x15
 580 01e4 53000000 		.4byte	.LASF25
 581 01e8 01       		.byte	0x1
 582 01e9 FF       		.byte	0xff
 583 01ea F4010000 		.4byte	0x1f4
 584 01ee 05       		.uleb128 0x5
 585 01ef 03       		.byte	0x3
 586 01f0 00000000 		.4byte	cfg_memset_list.4725
 587 01f4 16       		.uleb128 0x16
 588 01f5 D3010000 		.4byte	0x1d3
ARM GAS  C:\Users\Feiyang\AppData\Local\Temp\cc746dZX.s 			page 17


 589 01f9 17       		.uleb128 0x17
 590 01fa 6900     		.ascii	"i\000"
 591 01fc 01       		.byte	0x1
 592 01fd 0501     		.2byte	0x105
 593 01ff 8D000000 		.4byte	0x8d
 594 0203 4D000000 		.4byte	.LLST2
 595 0207 18       		.uleb128 0x18
 596 0208 BC000000 		.4byte	.LBB3
 597 020c 1E000000 		.4byte	.LBE3-.LBB3
 598 0210 17       		.uleb128 0x17
 599 0211 6D7300   		.ascii	"ms\000"
 600 0214 01       		.byte	0x1
 601 0215 0A01     		.2byte	0x10a
 602 0217 1F020000 		.4byte	0x21f
 603 021b 77000000 		.4byte	.LLST3
 604 021f 06       		.uleb128 0x6
 605 0220 04       		.byte	0x4
 606 0221 25020000 		.4byte	0x225
 607 0225 16       		.uleb128 0x16
 608 0226 C8010000 		.4byte	0x1c8
 609 022a 19       		.uleb128 0x19
 610 022b DA000000 		.4byte	.LVL8
 611 022f ED000000 		.4byte	0xed
 612 0233 00       		.byte	0
 613 0234 00       		.byte	0
 614 0235 19       		.uleb128 0x19
 615 0236 60010000 		.4byte	.LVL12
 616 023a 3A010000 		.4byte	0x13a
 617 023e 00       		.byte	0
 618 023f 1A       		.uleb128 0x1a
 619 0240 C1000000 		.4byte	.LASF26
 620 0244 7D000000 		.4byte	0x7d
 621 0248 5C020000 		.4byte	0x25c
 622 024c 1B       		.uleb128 0x1b
 623 024d 7D000000 		.4byte	0x7d
 624 0251 1B       		.uleb128 0x1b
 625 0252 25000000 		.4byte	0x25
 626 0256 1B       		.uleb128 0x1b
 627 0257 76000000 		.4byte	0x76
 628 025b 00       		.byte	0
 629 025c 1C       		.uleb128 0x1c
 630 025d F0010000 		.4byte	.LASF27
 631 0261 04       		.byte	0x4
 632 0262 6C       		.byte	0x6c
 633 0263 6D020000 		.4byte	0x26d
 634 0267 1B       		.uleb128 0x1b
 635 0268 A5000000 		.4byte	0xa5
 636 026c 00       		.byte	0
 637 026d 1D       		.uleb128 0x1d
 638 026e 44000000 		.4byte	.LASF32
 639 0272 04       		.byte	0x4
 640 0273 BD       		.byte	0xbd
 641 0274 E1000000 		.4byte	0xe1
 642 0278 87020000 		.4byte	0x287
 643 027c 1B       		.uleb128 0x1b
 644 027d 8D000000 		.4byte	0x8d
 645 0281 1B       		.uleb128 0x1b
ARM GAS  C:\Users\Feiyang\AppData\Local\Temp\cc746dZX.s 			page 18


 646 0282 E1000000 		.4byte	0xe1
 647 0286 00       		.byte	0
 648 0287 1E       		.uleb128 0x1e
 649 0288 CF000000 		.4byte	.LASF33
 650 028c 04       		.byte	0x4
 651 028d C3       		.byte	0xc3
 652 028e 1B       		.uleb128 0x1b
 653 028f 8D000000 		.4byte	0x8d
 654 0293 00       		.byte	0
 655 0294 00       		.byte	0
 656              		.section	.debug_abbrev,"",%progbits
 657              	.Ldebug_abbrev0:
 658 0000 01       		.uleb128 0x1
 659 0001 11       		.uleb128 0x11
 660 0002 01       		.byte	0x1
 661 0003 25       		.uleb128 0x25
 662 0004 0E       		.uleb128 0xe
 663 0005 13       		.uleb128 0x13
 664 0006 0B       		.uleb128 0xb
 665 0007 03       		.uleb128 0x3
 666 0008 0E       		.uleb128 0xe
 667 0009 1B       		.uleb128 0x1b
 668 000a 0E       		.uleb128 0xe
 669 000b 55       		.uleb128 0x55
 670 000c 17       		.uleb128 0x17
 671 000d 11       		.uleb128 0x11
 672 000e 01       		.uleb128 0x1
 673 000f 10       		.uleb128 0x10
 674 0010 17       		.uleb128 0x17
 675 0011 00       		.byte	0
 676 0012 00       		.byte	0
 677 0013 02       		.uleb128 0x2
 678 0014 24       		.uleb128 0x24
 679 0015 00       		.byte	0
 680 0016 0B       		.uleb128 0xb
 681 0017 0B       		.uleb128 0xb
 682 0018 3E       		.uleb128 0x3e
 683 0019 0B       		.uleb128 0xb
 684 001a 03       		.uleb128 0x3
 685 001b 08       		.uleb128 0x8
 686 001c 00       		.byte	0
 687 001d 00       		.byte	0
 688 001e 03       		.uleb128 0x3
 689 001f 16       		.uleb128 0x16
 690 0020 00       		.byte	0
 691 0021 03       		.uleb128 0x3
 692 0022 0E       		.uleb128 0xe
 693 0023 3A       		.uleb128 0x3a
 694 0024 0B       		.uleb128 0xb
 695 0025 3B       		.uleb128 0x3b
 696 0026 0B       		.uleb128 0xb
 697 0027 49       		.uleb128 0x49
 698 0028 13       		.uleb128 0x13
 699 0029 00       		.byte	0
 700 002a 00       		.byte	0
 701 002b 04       		.uleb128 0x4
 702 002c 24       		.uleb128 0x24
ARM GAS  C:\Users\Feiyang\AppData\Local\Temp\cc746dZX.s 			page 19


 703 002d 00       		.byte	0
 704 002e 0B       		.uleb128 0xb
 705 002f 0B       		.uleb128 0xb
 706 0030 3E       		.uleb128 0x3e
 707 0031 0B       		.uleb128 0xb
 708 0032 03       		.uleb128 0x3
 709 0033 0E       		.uleb128 0xe
 710 0034 00       		.byte	0
 711 0035 00       		.byte	0
 712 0036 05       		.uleb128 0x5
 713 0037 0F       		.uleb128 0xf
 714 0038 00       		.byte	0
 715 0039 0B       		.uleb128 0xb
 716 003a 0B       		.uleb128 0xb
 717 003b 00       		.byte	0
 718 003c 00       		.byte	0
 719 003d 06       		.uleb128 0x6
 720 003e 0F       		.uleb128 0xf
 721 003f 00       		.byte	0
 722 0040 0B       		.uleb128 0xb
 723 0041 0B       		.uleb128 0xb
 724 0042 49       		.uleb128 0x49
 725 0043 13       		.uleb128 0x13
 726 0044 00       		.byte	0
 727 0045 00       		.byte	0
 728 0046 07       		.uleb128 0x7
 729 0047 15       		.uleb128 0x15
 730 0048 00       		.byte	0
 731 0049 27       		.uleb128 0x27
 732 004a 19       		.uleb128 0x19
 733 004b 00       		.byte	0
 734 004c 00       		.byte	0
 735 004d 08       		.uleb128 0x8
 736 004e 16       		.uleb128 0x16
 737 004f 00       		.byte	0
 738 0050 03       		.uleb128 0x3
 739 0051 0E       		.uleb128 0xe
 740 0052 3A       		.uleb128 0x3a
 741 0053 0B       		.uleb128 0xb
 742 0054 3B       		.uleb128 0x3b
 743 0055 05       		.uleb128 0x5
 744 0056 49       		.uleb128 0x49
 745 0057 13       		.uleb128 0x13
 746 0058 00       		.byte	0
 747 0059 00       		.byte	0
 748 005a 09       		.uleb128 0x9
 749 005b 35       		.uleb128 0x35
 750 005c 00       		.byte	0
 751 005d 49       		.uleb128 0x49
 752 005e 13       		.uleb128 0x13
 753 005f 00       		.byte	0
 754 0060 00       		.byte	0
 755 0061 0A       		.uleb128 0xa
 756 0062 2E       		.uleb128 0x2e
 757 0063 01       		.byte	0x1
 758 0064 03       		.uleb128 0x3
 759 0065 0E       		.uleb128 0xe
ARM GAS  C:\Users\Feiyang\AppData\Local\Temp\cc746dZX.s 			page 20


 760 0066 3A       		.uleb128 0x3a
 761 0067 0B       		.uleb128 0xb
 762 0068 3B       		.uleb128 0x3b
 763 0069 0B       		.uleb128 0xb
 764 006a 27       		.uleb128 0x27
 765 006b 19       		.uleb128 0x19
 766 006c 11       		.uleb128 0x11
 767 006d 01       		.uleb128 0x1
 768 006e 12       		.uleb128 0x12
 769 006f 06       		.uleb128 0x6
 770 0070 40       		.uleb128 0x40
 771 0071 18       		.uleb128 0x18
 772 0072 9742     		.uleb128 0x2117
 773 0074 19       		.uleb128 0x19
 774 0075 01       		.uleb128 0x1
 775 0076 13       		.uleb128 0x13
 776 0077 00       		.byte	0
 777 0078 00       		.byte	0
 778 0079 0B       		.uleb128 0xb
 779 007a 05       		.uleb128 0x5
 780 007b 00       		.byte	0
 781 007c 03       		.uleb128 0x3
 782 007d 08       		.uleb128 0x8
 783 007e 3A       		.uleb128 0x3a
 784 007f 0B       		.uleb128 0xb
 785 0080 3B       		.uleb128 0x3b
 786 0081 0B       		.uleb128 0xb
 787 0082 49       		.uleb128 0x49
 788 0083 13       		.uleb128 0x13
 789 0084 02       		.uleb128 0x2
 790 0085 17       		.uleb128 0x17
 791 0086 00       		.byte	0
 792 0087 00       		.byte	0
 793 0088 0C       		.uleb128 0xc
 794 0089 898201   		.uleb128 0x4109
 795 008c 01       		.byte	0x1
 796 008d 11       		.uleb128 0x11
 797 008e 01       		.uleb128 0x1
 798 008f 31       		.uleb128 0x31
 799 0090 13       		.uleb128 0x13
 800 0091 00       		.byte	0
 801 0092 00       		.byte	0
 802 0093 0D       		.uleb128 0xd
 803 0094 8A8201   		.uleb128 0x410a
 804 0097 00       		.byte	0
 805 0098 02       		.uleb128 0x2
 806 0099 18       		.uleb128 0x18
 807 009a 9142     		.uleb128 0x2111
 808 009c 18       		.uleb128 0x18
 809 009d 00       		.byte	0
 810 009e 00       		.byte	0
 811 009f 0E       		.uleb128 0xe
 812 00a0 898201   		.uleb128 0x4109
 813 00a3 01       		.byte	0x1
 814 00a4 11       		.uleb128 0x11
 815 00a5 01       		.uleb128 0x1
 816 00a6 31       		.uleb128 0x31
ARM GAS  C:\Users\Feiyang\AppData\Local\Temp\cc746dZX.s 			page 21


 817 00a7 13       		.uleb128 0x13
 818 00a8 01       		.uleb128 0x1
 819 00a9 13       		.uleb128 0x13
 820 00aa 00       		.byte	0
 821 00ab 00       		.byte	0
 822 00ac 0F       		.uleb128 0xf
 823 00ad 2E       		.uleb128 0x2e
 824 00ae 01       		.byte	0x1
 825 00af 3F       		.uleb128 0x3f
 826 00b0 19       		.uleb128 0x19
 827 00b1 03       		.uleb128 0x3
 828 00b2 0E       		.uleb128 0xe
 829 00b3 3A       		.uleb128 0x3a
 830 00b4 0B       		.uleb128 0xb
 831 00b5 3B       		.uleb128 0x3b
 832 00b6 0B       		.uleb128 0xb
 833 00b7 27       		.uleb128 0x27
 834 00b8 19       		.uleb128 0x19
 835 00b9 11       		.uleb128 0x11
 836 00ba 01       		.uleb128 0x1
 837 00bb 12       		.uleb128 0x12
 838 00bc 06       		.uleb128 0x6
 839 00bd 40       		.uleb128 0x40
 840 00be 18       		.uleb128 0x18
 841 00bf 9742     		.uleb128 0x2117
 842 00c1 19       		.uleb128 0x19
 843 00c2 01       		.uleb128 0x1
 844 00c3 13       		.uleb128 0x13
 845 00c4 00       		.byte	0
 846 00c5 00       		.byte	0
 847 00c6 10       		.uleb128 0x10
 848 00c7 0B       		.uleb128 0xb
 849 00c8 01       		.byte	0x1
 850 00c9 11       		.uleb128 0x11
 851 00ca 01       		.uleb128 0x1
 852 00cb 12       		.uleb128 0x12
 853 00cc 06       		.uleb128 0x6
 854 00cd 01       		.uleb128 0x1
 855 00ce 13       		.uleb128 0x13
 856 00cf 00       		.byte	0
 857 00d0 00       		.byte	0
 858 00d1 11       		.uleb128 0x11
 859 00d2 13       		.uleb128 0x13
 860 00d3 01       		.byte	0x1
 861 00d4 0B       		.uleb128 0xb
 862 00d5 0B       		.uleb128 0xb
 863 00d6 3A       		.uleb128 0x3a
 864 00d7 0B       		.uleb128 0xb
 865 00d8 3B       		.uleb128 0x3b
 866 00d9 0B       		.uleb128 0xb
 867 00da 01       		.uleb128 0x1
 868 00db 13       		.uleb128 0x13
 869 00dc 00       		.byte	0
 870 00dd 00       		.byte	0
 871 00de 12       		.uleb128 0x12
 872 00df 0D       		.uleb128 0xd
 873 00e0 00       		.byte	0
ARM GAS  C:\Users\Feiyang\AppData\Local\Temp\cc746dZX.s 			page 22


 874 00e1 03       		.uleb128 0x3
 875 00e2 0E       		.uleb128 0xe
 876 00e3 3A       		.uleb128 0x3a
 877 00e4 0B       		.uleb128 0xb
 878 00e5 3B       		.uleb128 0x3b
 879 00e6 0B       		.uleb128 0xb
 880 00e7 49       		.uleb128 0x49
 881 00e8 13       		.uleb128 0x13
 882 00e9 38       		.uleb128 0x38
 883 00ea 0B       		.uleb128 0xb
 884 00eb 00       		.byte	0
 885 00ec 00       		.byte	0
 886 00ed 13       		.uleb128 0x13
 887 00ee 01       		.uleb128 0x1
 888 00ef 01       		.byte	0x1
 889 00f0 49       		.uleb128 0x49
 890 00f1 13       		.uleb128 0x13
 891 00f2 01       		.uleb128 0x1
 892 00f3 13       		.uleb128 0x13
 893 00f4 00       		.byte	0
 894 00f5 00       		.byte	0
 895 00f6 14       		.uleb128 0x14
 896 00f7 21       		.uleb128 0x21
 897 00f8 00       		.byte	0
 898 00f9 49       		.uleb128 0x49
 899 00fa 13       		.uleb128 0x13
 900 00fb 2F       		.uleb128 0x2f
 901 00fc 0B       		.uleb128 0xb
 902 00fd 00       		.byte	0
 903 00fe 00       		.byte	0
 904 00ff 15       		.uleb128 0x15
 905 0100 34       		.uleb128 0x34
 906 0101 00       		.byte	0
 907 0102 03       		.uleb128 0x3
 908 0103 0E       		.uleb128 0xe
 909 0104 3A       		.uleb128 0x3a
 910 0105 0B       		.uleb128 0xb
 911 0106 3B       		.uleb128 0x3b
 912 0107 0B       		.uleb128 0xb
 913 0108 49       		.uleb128 0x49
 914 0109 13       		.uleb128 0x13
 915 010a 02       		.uleb128 0x2
 916 010b 18       		.uleb128 0x18
 917 010c 00       		.byte	0
 918 010d 00       		.byte	0
 919 010e 16       		.uleb128 0x16
 920 010f 26       		.uleb128 0x26
 921 0110 00       		.byte	0
 922 0111 49       		.uleb128 0x49
 923 0112 13       		.uleb128 0x13
 924 0113 00       		.byte	0
 925 0114 00       		.byte	0
 926 0115 17       		.uleb128 0x17
 927 0116 34       		.uleb128 0x34
 928 0117 00       		.byte	0
 929 0118 03       		.uleb128 0x3
 930 0119 08       		.uleb128 0x8
ARM GAS  C:\Users\Feiyang\AppData\Local\Temp\cc746dZX.s 			page 23


 931 011a 3A       		.uleb128 0x3a
 932 011b 0B       		.uleb128 0xb
 933 011c 3B       		.uleb128 0x3b
 934 011d 05       		.uleb128 0x5
 935 011e 49       		.uleb128 0x49
 936 011f 13       		.uleb128 0x13
 937 0120 02       		.uleb128 0x2
 938 0121 17       		.uleb128 0x17
 939 0122 00       		.byte	0
 940 0123 00       		.byte	0
 941 0124 18       		.uleb128 0x18
 942 0125 0B       		.uleb128 0xb
 943 0126 01       		.byte	0x1
 944 0127 11       		.uleb128 0x11
 945 0128 01       		.uleb128 0x1
 946 0129 12       		.uleb128 0x12
 947 012a 06       		.uleb128 0x6
 948 012b 00       		.byte	0
 949 012c 00       		.byte	0
 950 012d 19       		.uleb128 0x19
 951 012e 898201   		.uleb128 0x4109
 952 0131 00       		.byte	0
 953 0132 11       		.uleb128 0x11
 954 0133 01       		.uleb128 0x1
 955 0134 31       		.uleb128 0x31
 956 0135 13       		.uleb128 0x13
 957 0136 00       		.byte	0
 958 0137 00       		.byte	0
 959 0138 1A       		.uleb128 0x1a
 960 0139 2E       		.uleb128 0x2e
 961 013a 01       		.byte	0x1
 962 013b 3F       		.uleb128 0x3f
 963 013c 19       		.uleb128 0x19
 964 013d 03       		.uleb128 0x3
 965 013e 0E       		.uleb128 0xe
 966 013f 27       		.uleb128 0x27
 967 0140 19       		.uleb128 0x19
 968 0141 49       		.uleb128 0x49
 969 0142 13       		.uleb128 0x13
 970 0143 34       		.uleb128 0x34
 971 0144 19       		.uleb128 0x19
 972 0145 3C       		.uleb128 0x3c
 973 0146 19       		.uleb128 0x19
 974 0147 01       		.uleb128 0x1
 975 0148 13       		.uleb128 0x13
 976 0149 00       		.byte	0
 977 014a 00       		.byte	0
 978 014b 1B       		.uleb128 0x1b
 979 014c 05       		.uleb128 0x5
 980 014d 00       		.byte	0
 981 014e 49       		.uleb128 0x49
 982 014f 13       		.uleb128 0x13
 983 0150 00       		.byte	0
 984 0151 00       		.byte	0
 985 0152 1C       		.uleb128 0x1c
 986 0153 2E       		.uleb128 0x2e
 987 0154 01       		.byte	0x1
ARM GAS  C:\Users\Feiyang\AppData\Local\Temp\cc746dZX.s 			page 24


 988 0155 3F       		.uleb128 0x3f
 989 0156 19       		.uleb128 0x19
 990 0157 03       		.uleb128 0x3
 991 0158 0E       		.uleb128 0xe
 992 0159 3A       		.uleb128 0x3a
 993 015a 0B       		.uleb128 0xb
 994 015b 3B       		.uleb128 0x3b
 995 015c 0B       		.uleb128 0xb
 996 015d 27       		.uleb128 0x27
 997 015e 19       		.uleb128 0x19
 998 015f 3C       		.uleb128 0x3c
 999 0160 19       		.uleb128 0x19
 1000 0161 01       		.uleb128 0x1
 1001 0162 13       		.uleb128 0x13
 1002 0163 00       		.byte	0
 1003 0164 00       		.byte	0
 1004 0165 1D       		.uleb128 0x1d
 1005 0166 2E       		.uleb128 0x2e
 1006 0167 01       		.byte	0x1
 1007 0168 3F       		.uleb128 0x3f
 1008 0169 19       		.uleb128 0x19
 1009 016a 03       		.uleb128 0x3
 1010 016b 0E       		.uleb128 0xe
 1011 016c 3A       		.uleb128 0x3a
 1012 016d 0B       		.uleb128 0xb
 1013 016e 3B       		.uleb128 0x3b
 1014 016f 0B       		.uleb128 0xb
 1015 0170 27       		.uleb128 0x27
 1016 0171 19       		.uleb128 0x19
 1017 0172 49       		.uleb128 0x49
 1018 0173 13       		.uleb128 0x13
 1019 0174 3C       		.uleb128 0x3c
 1020 0175 19       		.uleb128 0x19
 1021 0176 01       		.uleb128 0x1
 1022 0177 13       		.uleb128 0x13
 1023 0178 00       		.byte	0
 1024 0179 00       		.byte	0
 1025 017a 1E       		.uleb128 0x1e
 1026 017b 2E       		.uleb128 0x2e
 1027 017c 01       		.byte	0x1
 1028 017d 3F       		.uleb128 0x3f
 1029 017e 19       		.uleb128 0x19
 1030 017f 03       		.uleb128 0x3
 1031 0180 0E       		.uleb128 0xe
 1032 0181 3A       		.uleb128 0x3a
 1033 0182 0B       		.uleb128 0xb
 1034 0183 3B       		.uleb128 0x3b
 1035 0184 0B       		.uleb128 0xb
 1036 0185 27       		.uleb128 0x27
 1037 0186 19       		.uleb128 0x19
 1038 0187 3C       		.uleb128 0x3c
 1039 0188 19       		.uleb128 0x19
 1040 0189 00       		.byte	0
 1041 018a 00       		.byte	0
 1042 018b 00       		.byte	0
 1043              		.section	.debug_loc,"",%progbits
 1044              	.Ldebug_loc0:
ARM GAS  C:\Users\Feiyang\AppData\Local\Temp\cc746dZX.s 			page 25


 1045              	.LLST0:
 1046 0000 00000000 		.4byte	.LVL0
 1047 0004 09000000 		.4byte	.LVL2-1
 1048 0008 0100     		.2byte	0x1
 1049 000a 50       		.byte	0x50
 1050 000b 09000000 		.4byte	.LVL2-1
 1051 000f 0C000000 		.4byte	.LFE0
 1052 0013 0400     		.2byte	0x4
 1053 0015 F3       		.byte	0xf3
 1054 0016 01       		.uleb128 0x1
 1055 0017 50       		.byte	0x50
 1056 0018 9F       		.byte	0x9f
 1057 0019 00000000 		.4byte	0
 1058 001d 00000000 		.4byte	0
 1059              	.LLST1:
 1060 0021 00000000 		.4byte	.LVL0
 1061 0025 06000000 		.4byte	.LVL1
 1062 0029 0100     		.2byte	0x1
 1063 002b 51       		.byte	0x51
 1064 002c 06000000 		.4byte	.LVL1
 1065 0030 09000000 		.4byte	.LVL2-1
 1066 0034 0100     		.2byte	0x1
 1067 0036 52       		.byte	0x52
 1068 0037 09000000 		.4byte	.LVL2-1
 1069 003b 0C000000 		.4byte	.LFE0
 1070 003f 0400     		.2byte	0x4
 1071 0041 F3       		.byte	0xf3
 1072 0042 01       		.uleb128 0x1
 1073 0043 51       		.byte	0x51
 1074 0044 9F       		.byte	0x9f
 1075 0045 00000000 		.4byte	0
 1076 0049 00000000 		.4byte	0
 1077              	.LLST2:
 1078 004d B8000000 		.4byte	.LVL6
 1079 0051 BC000000 		.4byte	.LVL7
 1080 0055 0200     		.2byte	0x2
 1081 0057 30       		.byte	0x30
 1082 0058 9F       		.byte	0x9f
 1083 0059 BC000000 		.4byte	.LVL7
 1084 005d DC000000 		.4byte	.LVL9
 1085 0061 0100     		.2byte	0x1
 1086 0063 54       		.byte	0x54
 1087 0064 DE000000 		.4byte	.LVL10
 1088 0068 16010000 		.4byte	.LVL11
 1089 006c 0100     		.2byte	0x1
 1090 006e 54       		.byte	0x54
 1091 006f 00000000 		.4byte	0
 1092 0073 00000000 		.4byte	0
 1093              	.LLST3:
 1094 0077 BC000000 		.4byte	.LVL7
 1095 007b DC000000 		.4byte	.LVL9
 1096 007f 0B00     		.2byte	0xb
 1097 0081 74       		.byte	0x74
 1098 0082 00       		.sleb128 0
 1099 0083 36       		.byte	0x36
 1100 0084 1E       		.byte	0x1e
 1101 0085 03       		.byte	0x3
ARM GAS  C:\Users\Feiyang\AppData\Local\Temp\cc746dZX.s 			page 26


 1102 0086 00000000 		.4byte	cfg_memset_list.4725
 1103 008a 22       		.byte	0x22
 1104 008b 9F       		.byte	0x9f
 1105 008c DC000000 		.4byte	.LVL9
 1106 0090 DE000000 		.4byte	.LVL10
 1107 0094 0B00     		.2byte	0xb
 1108 0096 74       		.byte	0x74
 1109 0097 7F       		.sleb128 -1
 1110 0098 36       		.byte	0x36
 1111 0099 1E       		.byte	0x1e
 1112 009a 03       		.byte	0x3
 1113 009b 00000000 		.4byte	cfg_memset_list.4725
 1114 009f 22       		.byte	0x22
 1115 00a0 9F       		.byte	0x9f
 1116 00a1 00000000 		.4byte	0
 1117 00a5 00000000 		.4byte	0
 1118              		.section	.debug_aranges,"",%progbits
 1119 0000 2C000000 		.4byte	0x2c
 1120 0004 0200     		.2byte	0x2
 1121 0006 00000000 		.4byte	.Ldebug_info0
 1122 000a 04       		.byte	0x4
 1123 000b 00       		.byte	0
 1124 000c 0000     		.2byte	0
 1125 000e 0000     		.2byte	0
 1126 0010 00000000 		.4byte	.LFB0
 1127 0014 0C000000 		.4byte	.LFE0-.LFB0
 1128 0018 00000000 		.4byte	.LFB3
 1129 001c B4000000 		.4byte	.LFE3-.LFB3
 1130 0020 B4000000 		.4byte	.LFB5
 1131 0024 04010000 		.4byte	.LFE5-.LFB5
 1132 0028 00000000 		.4byte	0
 1133 002c 00000000 		.4byte	0
 1134              		.section	.debug_ranges,"",%progbits
 1135              	.Ldebug_ranges0:
 1136 0000 00000000 		.4byte	.LFB0
 1137 0004 0C000000 		.4byte	.LFE0
 1138 0008 00000000 		.4byte	.LFB3
 1139 000c B4000000 		.4byte	.LFE3
 1140 0010 B4000000 		.4byte	.LFB5
 1141 0014 B8010000 		.4byte	.LFE5
 1142 0018 00000000 		.4byte	0
 1143 001c 00000000 		.4byte	0
 1144              		.section	.debug_line,"",%progbits
 1145              	.Ldebug_line0:
 1146 0000 3E010000 		.section	.debug_str,"MS",%progbits,1
 1146      0200D600 
 1146      00000201 
 1146      FB0E0D00 
 1146      01010101 
 1147              	.LASF18:
 1148 0000 72656733 		.ascii	"reg32\000"
 1148      3200
 1149              	.LASF11:
 1150 0006 73697A65 		.ascii	"size_t\000"
 1150      5F7400
 1151              	.LASF30:
 1152 000d 443A5C77 		.ascii	"D:\\workspace_SeniorDeisgn\\PSoC\\SD1\\Senior_Desig"
ARM GAS  C:\Users\Feiyang\AppData\Local\Temp\cc746dZX.s 			page 27


 1152      6F726B73 
 1152      70616365 
 1152      5F53656E 
 1152      696F7244 
 1153 003c 6E2E6379 		.ascii	"n.cydsn\000"
 1153      64736E00 
 1154              	.LASF32:
 1155 0044 4379496E 		.ascii	"CyIntSetVector\000"
 1155      74536574 
 1155      56656374 
 1155      6F7200
 1156              	.LASF25:
 1157 0053 6366675F 		.ascii	"cfg_memset_list\000"
 1157      6D656D73 
 1157      65745F6C 
 1157      69737400 
 1158              	.LASF21:
 1159 0063 436C6F63 		.ascii	"ClockSetup\000"
 1159      6B536574 
 1159      757000
 1160              	.LASF4:
 1161 006e 73686F72 		.ascii	"short unsigned int\000"
 1161      7420756E 
 1161      7369676E 
 1161      65642069 
 1161      6E7400
 1162              	.LASF15:
 1163 0081 666C6F61 		.ascii	"float\000"
 1163      7400
 1164              	.LASF23:
 1165 0087 73697A65 		.ascii	"size\000"
 1165      00
 1166              	.LASF17:
 1167 008c 72656738 		.ascii	"reg8\000"
 1167      00
 1168              	.LASF6:
 1169 0091 6C6F6E67 		.ascii	"long unsigned int\000"
 1169      20756E73 
 1169      69676E65 
 1169      6420696E 
 1169      7400
 1170              	.LASF12:
 1171 00a3 75696E74 		.ascii	"uint8\000"
 1171      3800
 1172              	.LASF20:
 1173 00a9 43594D45 		.ascii	"CYMEMZERO\000"
 1173      4D5A4552 
 1173      4F00
 1174              	.LASF2:
 1175 00b3 756E7369 		.ascii	"unsigned char\000"
 1175      676E6564 
 1175      20636861 
 1175      7200
 1176              	.LASF26:
 1177 00c1 6D656D73 		.ascii	"memset\000"
 1177      657400
 1178              	.LASF16:
ARM GAS  C:\Users\Feiyang\AppData\Local\Temp\cc746dZX.s 			page 28


 1179 00c8 646F7562 		.ascii	"double\000"
 1179      6C6500
 1180              	.LASF33:
 1181 00cf 4379496E 		.ascii	"CyIntEnable\000"
 1181      74456E61 
 1181      626C6500 
 1182              	.LASF13:
 1183 00db 75696E74 		.ascii	"uint16\000"
 1183      313600
 1184              	.LASF14:
 1185 00e2 75696E74 		.ascii	"uint32\000"
 1185      333200
 1186              	.LASF0:
 1187 00e9 756E7369 		.ascii	"unsigned int\000"
 1187      676E6564 
 1187      20696E74 
 1187      00
 1188              	.LASF31:
 1189 00f6 63796669 		.ascii	"cyfitter_cfg\000"
 1189      74746572 
 1189      5F636667 
 1189      00
 1190              	.LASF22:
 1191 0103 61646472 		.ascii	"address\000"
 1191      65737300 
 1192              	.LASF8:
 1193 010b 6C6F6E67 		.ascii	"long long unsigned int\000"
 1193      206C6F6E 
 1193      6720756E 
 1193      7369676E 
 1193      65642069 
 1194              	.LASF19:
 1195 0122 63796973 		.ascii	"cyisraddress\000"
 1195      72616464 
 1195      72657373 
 1195      00
 1196              	.LASF24:
 1197 012f 6366675F 		.ascii	"cfg_memset_t\000"
 1197      6D656D73 
 1197      65745F74 
 1197      00
 1198              	.LASF9:
 1199 013c 73697A65 		.ascii	"sizetype\000"
 1199      74797065 
 1199      00
 1200              	.LASF7:
 1201 0145 6C6F6E67 		.ascii	"long long int\000"
 1201      206C6F6E 
 1201      6720696E 
 1201      7400
 1202              	.LASF10:
 1203 0153 63686172 		.ascii	"char\000"
 1203      00
 1204              	.LASF28:
 1205 0158 474E5520 		.ascii	"GNU C 4.9.3 20150303 (release) [ARM/embedded-4_9-br"
 1205      4320342E 
 1205      392E3320 
ARM GAS  C:\Users\Feiyang\AppData\Local\Temp\cc746dZX.s 			page 29


 1205      32303135 
 1205      30333033 
 1206 018b 616E6368 		.ascii	"anch revision 221220] -mcpu=cortex-m0 -mthumb -g -O"
 1206      20726576 
 1206      6973696F 
 1206      6E203232 
 1206      31323230 
 1207 01be 67202D66 		.ascii	"g -ffunction-sections -ffat-lto-objects\000"
 1207      66756E63 
 1207      74696F6E 
 1207      2D736563 
 1207      74696F6E 
 1208              	.LASF3:
 1209 01e6 73686F72 		.ascii	"short int\000"
 1209      7420696E 
 1209      7400
 1210              	.LASF27:
 1211 01f0 43795379 		.ascii	"CySysClkWriteImoFreq\000"
 1211      73436C6B 
 1211      57726974 
 1211      65496D6F 
 1211      46726571 
 1212              	.LASF5:
 1213 0205 6C6F6E67 		.ascii	"long int\000"
 1213      20696E74 
 1213      00
 1214              	.LASF1:
 1215 020e 7369676E 		.ascii	"signed char\000"
 1215      65642063 
 1215      68617200 
 1216              	.LASF29:
 1217 021a 47656E65 		.ascii	"Generated_Source\\PSoC4\\cyfitter_cfg.c\000"
 1217      72617465 
 1217      645F536F 
 1217      75726365 
 1217      5C50536F 
 1218              		.ident	"GCC: (GNU Tools for ARM Embedded Processors) 4.9.3 20150303 (release) [ARM/embedded-4_9-br
