--------------- Rebuild Started: 05/11/2017 21:55:24 Project: Senior_Design, Configuration: ARM GCC 4.9-2015-q1-update Debug ---------------
Deleting file ".\CortexM0\ARM_GCC_493\Debug\main.o"
Deleting file ".\CortexM0\ARM_GCC_493\Debug\cyfitter_cfg.o"
Deleting file ".\CortexM0\ARM_GCC_493\Debug\cymetadata.o"
Deleting file ".\CortexM0\ARM_GCC_493\Debug\Pin_1.o"
Deleting file ".\CortexM0\ARM_GCC_493\Debug\Pin_1_PM.o"
Deleting file ".\CortexM0\ARM_GCC_493\Debug\Pin_2.o"
Deleting file ".\CortexM0\ARM_GCC_493\Debug\Pin_2_PM.o"
Deleting file ".\CortexM0\ARM_GCC_493\Debug\Pin_3.o"
Deleting file ".\CortexM0\ARM_GCC_493\Debug\Pin_3_PM.o"
Deleting file ".\CortexM0\ARM_GCC_493\Debug\UART_1.o"
Deleting file ".\CortexM0\ARM_GCC_493\Debug\UART_1_SPI_UART.o"
Deleting file ".\CortexM0\ARM_GCC_493\Debug\UART_1_SPI_UART_INT.o"
Deleting file ".\CortexM0\ARM_GCC_493\Debug\UART_1_PM.o"
Deleting file ".\CortexM0\ARM_GCC_493\Debug\UART_1_UART.o"
Deleting file ".\CortexM0\ARM_GCC_493\Debug\UART_1_BOOT.o"
Deleting file ".\CortexM0\ARM_GCC_493\Debug\UART_1_UART_BOOT.o"
Deleting file ".\CortexM0\ARM_GCC_493\Debug\UART_1_SCBCLK.o"
Deleting file ".\CortexM0\ARM_GCC_493\Debug\UART_1_tx.o"
Deleting file ".\CortexM0\ARM_GCC_493\Debug\UART_1_tx_PM.o"
Deleting file ".\CortexM0\ARM_GCC_493\Debug\UART_1_rx.o"
Deleting file ".\CortexM0\ARM_GCC_493\Debug\UART_1_rx_PM.o"
Deleting file ".\CortexM0\ARM_GCC_493\Debug\Cm0Start.o"
Deleting file ".\CortexM0\ARM_GCC_493\Debug\CyBootAsmGnu.o"
Deleting file ".\CortexM0\ARM_GCC_493\Debug\CyFlash.o"
Deleting file ".\CortexM0\ARM_GCC_493\Debug\CyLib.o"
Deleting file ".\CortexM0\ARM_GCC_493\Debug\cyPm.o"
Deleting file ".\CortexM0\ARM_GCC_493\Debug\cyutils.o"
Deleting file ".\CortexM0\ARM_GCC_493\Debug\CyLFClk.o"
Deleting file ".\CortexM0\ARM_GCC_493\Debug\Timer_ms.o"
Deleting file ".\CortexM0\ARM_GCC_493\Debug\Timer_ms_PM.o"
Deleting file ".\CortexM0\ARM_GCC_493\Debug\Clock_1.o"
Deleting file ".\CortexM0\ARM_GCC_493\Debug\isr_ms.o"
Deleting file ".\CortexM0\ARM_GCC_493\Debug\Pin_4.o"
Deleting file ".\CortexM0\ARM_GCC_493\Debug\Pin_4_PM.o"
Deleting file ".\CortexM0\ARM_GCC_493\Debug\Pin_5.o"
Deleting file ".\CortexM0\ARM_GCC_493\Debug\Pin_5_PM.o"
Deleting file ".\CortexM0\ARM_GCC_493\Debug\Pin_6.o"
Deleting file ".\CortexM0\ARM_GCC_493\Debug\Pin_6_PM.o"
Deleting file ".\CortexM0\ARM_GCC_493\Debug\Pin_7.o"
Deleting file ".\CortexM0\ARM_GCC_493\Debug\Pin_7_PM.o"
Deleting file ".\CortexM0\ARM_GCC_493\Debug\Pin_8.o"
Deleting file ".\CortexM0\ARM_GCC_493\Debug\Pin_8_PM.o"
Deleting file ".\CortexM0\ARM_GCC_493\Debug\Pin_9.o"
Deleting file ".\CortexM0\ARM_GCC_493\Debug\Pin_9_PM.o"
Deleting file ".\CortexM0\ARM_GCC_493\Debug\Pin_10.o"
Deleting file ".\CortexM0\ARM_GCC_493\Debug\Pin_10_PM.o"
Deleting file ".\CortexM0\ARM_GCC_493\Debug\Pin_11.o"
Deleting file ".\CortexM0\ARM_GCC_493\Debug\Pin_11_PM.o"
Deleting file ".\CortexM0\ARM_GCC_493\Debug\Pin_12.o"
Deleting file ".\CortexM0\ARM_GCC_493\Debug\Pin_12_PM.o"
Deleting file ".\CortexM0\ARM_GCC_493\Debug\Pin_13.o"
Deleting file ".\CortexM0\ARM_GCC_493\Debug\Pin_13_PM.o"
Deleting file ".\CortexM0\ARM_GCC_493\Debug\Pin_14.o"
Deleting file ".\CortexM0\ARM_GCC_493\Debug\Pin_14_PM.o"
Deleting file ".\CortexM0\ARM_GCC_493\Debug\Pin_15.o"
Deleting file ".\CortexM0\ARM_GCC_493\Debug\Pin_15_PM.o"
Deleting file ".\CortexM0\ARM_GCC_493\Debug\Pin_16.o"
Deleting file ".\CortexM0\ARM_GCC_493\Debug\Pin_16_PM.o"
Deleting file ".\CortexM0\ARM_GCC_493\Debug\isr_uart_rx.o"
Deleting file ".\CortexM0\ARM_GCC_493\Debug\UART_debug.o"
Deleting file ".\CortexM0\ARM_GCC_493\Debug\UART_debug_SPI_UART.o"
Deleting file ".\CortexM0\ARM_GCC_493\Debug\UART_debug_SPI_UART_INT.o"
Deleting file ".\CortexM0\ARM_GCC_493\Debug\UART_debug_PM.o"
Deleting file ".\CortexM0\ARM_GCC_493\Debug\UART_debug_UART.o"
Deleting file ".\CortexM0\ARM_GCC_493\Debug\UART_debug_BOOT.o"
Deleting file ".\CortexM0\ARM_GCC_493\Debug\UART_debug_UART_BOOT.o"
Deleting file ".\CortexM0\ARM_GCC_493\Debug\UART_debug_SCBCLK.o"
Deleting file ".\CortexM0\ARM_GCC_493\Debug\UART_debug_tx.o"
Deleting file ".\CortexM0\ARM_GCC_493\Debug\UART_debug_tx_PM.o"
Deleting file ".\CortexM0\ARM_GCC_493\Debug\UART_debug_rx.o"
Deleting file ".\CortexM0\ARM_GCC_493\Debug\UART_debug_rx_PM.o"
Deleting file ".\CortexM0\ARM_GCC_493\Debug\Senior_Design.hex"
Deleting file ".\CortexM0\ARM_GCC_493\Debug\Senior_Design.elf"
Deleting file ".\CortexM0\ARM_GCC_493\Debug\Senior_Design.map"
Deleting file ".\Senior_Design.cycdx"
Deleting file ".\Senior_Design.svd"
Deleting file ".\Senior_Design.rpt"
Deleting file ".\Senior_Design_timing.html"
Deleting file ".\CortexM0\ARM_GCC_493\Debug\.deps\SOURCE_C__ARM_GCC_GENERIC.P"
Deleting file ".\CortexM0\ARM_GCC_493\Debug\.deps\SOURCE_ASM__ARM_GCC_GENERIC.P"
cydsfit.exe -.appdatapath "C:\Users\Feiyang\AppData\Local\Cypress Semiconductor\PSoC Creator\4.0" -.fdsnotice -.fdswarpdepfile=warp_dependencies.txt -.fdselabdepfile=elab_dependencies.txt -.fdsbldfile=generated_files.txt -.fdsreffile=referenced_files.txt -p D:\workspace_SeniorDeisgn\PSoC\SD1\Senior_Design.cydsn\Senior_Design.cyprj -d CY8C4245AXI-483 -s D:\workspace_SeniorDeisgn\PSoC\SD1\Senior_Design.cydsn\Generated_Source\PSoC4 -- -yv2 -q10 -ygs -o2 -v3 -.fftcfgtype=LE
Elaborating Design...
HDL Generation...
Synthesis...
Tech Mapping...
ADD: pft.M0040: information: The following 13 pin(s) will be assigned a location by the fitter: Pin_4(0), Pin_5(0), Pin_6(0), Pin_7(0), Pin_8(0), Pin_9(0), Pin_10(0), Pin_11(0), Pin_12(0), Pin_13(0), Pin_14(0), Pin_15(0), Pin_16(0)
Analog Placement...
Analog Routing...
Analog Code Generation...
Digital Placement...
Digital Routing...
Bitstream Generation...
Bitstream Verification...
Static timing analysis...
API Generation...
Dependency Generation...
Cleanup...
arm-none-eabi-gcc.exe -mcpu=cortex-m0 -mthumb -I. -IGenerated_Source\PSoC4 -Wa,-alh=.\CortexM0\ARM_GCC_493\Debug/main.lst -g -D DEBUG -Wall -ffunction-sections -Og -ffat-lto-objects -c main.c -o .\CortexM0\ARM_GCC_493\Debug\main.o
main.c: In function 'uart_rx_interrupt':
main.c:190:5: warning: implicit declaration of function 'sprintf' [-Wimplicit-function-declaration]
     sprintf(hex_echo, "%02X", ch);
     ^
main.c:190:5: warning: incompatible implicit declaration of built-in function 'sprintf'
arm-none-eabi-gcc.exe -mcpu=cortex-m0 -mthumb -I. -IGenerated_Source\PSoC4 -Wa,-alh=.\CortexM0\ARM_GCC_493\Debug/cyfitter_cfg.lst -g -D DEBUG -Wall -ffunction-sections -Og -ffat-lto-objects -c Generated_Source\PSoC4\cyfitter_cfg.c -o .\CortexM0\ARM_GCC_493\Debug\cyfitter_cfg.o
arm-none-eabi-gcc.exe -mcpu=cortex-m0 -mthumb -I. -IGenerated_Source\PSoC4 -Wa,-alh=.\CortexM0\ARM_GCC_493\Debug/cymetadata.lst -g -D DEBUG -Wall -ffunction-sections -Og -ffat-lto-objects -c Generated_Source\PSoC4\cymetadata.c -o .\CortexM0\ARM_GCC_493\Debug\cymetadata.o
arm-none-eabi-gcc.exe -mcpu=cortex-m0 -mthumb -I. -IGenerated_Source\PSoC4 -Wa,-alh=.\CortexM0\ARM_GCC_493\Debug/Pin_1.lst -g -D DEBUG -Wall -ffunction-sections -Og -ffat-lto-objects -c Generated_Source\PSoC4\Pin_1.c -o .\CortexM0\ARM_GCC_493\Debug\Pin_1.o
arm-none-eabi-gcc.exe -mcpu=cortex-m0 -mthumb -I. -IGenerated_Source\PSoC4 -Wa,-alh=.\CortexM0\ARM_GCC_493\Debug/Pin_1_PM.lst -g -D DEBUG -Wall -ffunction-sections -Og -ffat-lto-objects -c Generated_Source\PSoC4\Pin_1_PM.c -o .\CortexM0\ARM_GCC_493\Debug\Pin_1_PM.o
arm-none-eabi-gcc.exe -mcpu=cortex-m0 -mthumb -I. -IGenerated_Source\PSoC4 -Wa,-alh=.\CortexM0\ARM_GCC_493\Debug/Pin_2.lst -g -D DEBUG -Wall -ffunction-sections -Og -ffat-lto-objects -c Generated_Source\PSoC4\Pin_2.c -o .\CortexM0\ARM_GCC_493\Debug\Pin_2.o
arm-none-eabi-gcc.exe -mcpu=cortex-m0 -mthumb -I. -IGenerated_Source\PSoC4 -Wa,-alh=.\CortexM0\ARM_GCC_493\Debug/Pin_2_PM.lst -g -D DEBUG -Wall -ffunction-sections -Og -ffat-lto-objects -c Generated_Source\PSoC4\Pin_2_PM.c -o .\CortexM0\ARM_GCC_493\Debug\Pin_2_PM.o
arm-none-eabi-gcc.exe -mcpu=cortex-m0 -mthumb -I. -IGenerated_Source\PSoC4 -Wa,-alh=.\CortexM0\ARM_GCC_493\Debug/Pin_3.lst -g -D DEBUG -Wall -ffunction-sections -Og -ffat-lto-objects -c Generated_Source\PSoC4\Pin_3.c -o .\CortexM0\ARM_GCC_493\Debug\Pin_3.o
arm-none-eabi-gcc.exe -mcpu=cortex-m0 -mthumb -I. -IGenerated_Source\PSoC4 -Wa,-alh=.\CortexM0\ARM_GCC_493\Debug/Pin_3_PM.lst -g -D DEBUG -Wall -ffunction-sections -Og -ffat-lto-objects -c Generated_Source\PSoC4\Pin_3_PM.c -o .\CortexM0\ARM_GCC_493\Debug\Pin_3_PM.o
arm-none-eabi-gcc.exe -mcpu=cortex-m0 -mthumb -I. -IGenerated_Source\PSoC4 -Wa,-alh=.\CortexM0\ARM_GCC_493\Debug/UART_1.lst -g -D DEBUG -Wall -ffunction-sections -Og -ffat-lto-objects -c Generated_Source\PSoC4\UART_1.c -o .\CortexM0\ARM_GCC_493\Debug\UART_1.o
arm-none-eabi-gcc.exe -mcpu=cortex-m0 -mthumb -I. -IGenerated_Source\PSoC4 -Wa,-alh=.\CortexM0\ARM_GCC_493\Debug/UART_1_SPI_UART.lst -g -D DEBUG -Wall -ffunction-sections -Og -ffat-lto-objects -c Generated_Source\PSoC4\UART_1_SPI_UART.c -o .\CortexM0\ARM_GCC_493\Debug\UART_1_SPI_UART.o
arm-none-eabi-gcc.exe -mcpu=cortex-m0 -mthumb -I. -IGenerated_Source\PSoC4 -Wa,-alh=.\CortexM0\ARM_GCC_493\Debug/UART_1_SPI_UART_INT.lst -g -D DEBUG -Wall -ffunction-sections -Og -ffat-lto-objects -c Generated_Source\PSoC4\UART_1_SPI_UART_INT.c -o .\CortexM0\ARM_GCC_493\Debug\UART_1_SPI_UART_INT.o
arm-none-eabi-gcc.exe -mcpu=cortex-m0 -mthumb -I. -IGenerated_Source\PSoC4 -Wa,-alh=.\CortexM0\ARM_GCC_493\Debug/UART_1_PM.lst -g -D DEBUG -Wall -ffunction-sections -Og -ffat-lto-objects -c Generated_Source\PSoC4\UART_1_PM.c -o .\CortexM0\ARM_GCC_493\Debug\UART_1_PM.o
arm-none-eabi-gcc.exe -mcpu=cortex-m0 -mthumb -I. -IGenerated_Source\PSoC4 -Wa,-alh=.\CortexM0\ARM_GCC_493\Debug/UART_1_UART.lst -g -D DEBUG -Wall -ffunction-sections -Og -ffat-lto-objects -c Generated_Source\PSoC4\UART_1_UART.c -o .\CortexM0\ARM_GCC_493\Debug\UART_1_UART.o
arm-none-eabi-gcc.exe -mcpu=cortex-m0 -mthumb -I. -IGenerated_Source\PSoC4 -Wa,-alh=.\CortexM0\ARM_GCC_493\Debug/UART_1_BOOT.lst -g -D DEBUG -Wall -ffunction-sections -Og -ffat-lto-objects -c Generated_Source\PSoC4\UART_1_BOOT.c -o .\CortexM0\ARM_GCC_493\Debug\UART_1_BOOT.o
arm-none-eabi-gcc.exe -mcpu=cortex-m0 -mthumb -I. -IGenerated_Source\PSoC4 -Wa,-alh=.\CortexM0\ARM_GCC_493\Debug/UART_1_UART_BOOT.lst -g -D DEBUG -Wall -ffunction-sections -Og -ffat-lto-objects -c Generated_Source\PSoC4\UART_1_UART_BOOT.c -o .\CortexM0\ARM_GCC_493\Debug\UART_1_UART_BOOT.o
arm-none-eabi-gcc.exe -mcpu=cortex-m0 -mthumb -I. -IGenerated_Source\PSoC4 -Wa,-alh=.\CortexM0\ARM_GCC_493\Debug/UART_1_SCBCLK.lst -g -D DEBUG -Wall -ffunction-sections -Og -ffat-lto-objects -c Generated_Source\PSoC4\UART_1_SCBCLK.c -o .\CortexM0\ARM_GCC_493\Debug\UART_1_SCBCLK.o
arm-none-eabi-gcc.exe -mcpu=cortex-m0 -mthumb -I. -IGenerated_Source\PSoC4 -Wa,-alh=.\CortexM0\ARM_GCC_493\Debug/UART_1_tx.lst -g -D DEBUG -Wall -ffunction-sections -Og -ffat-lto-objects -c Generated_Source\PSoC4\UART_1_tx.c -o .\CortexM0\ARM_GCC_493\Debug\UART_1_tx.o
arm-none-eabi-gcc.exe -mcpu=cortex-m0 -mthumb -I. -IGenerated_Source\PSoC4 -Wa,-alh=.\CortexM0\ARM_GCC_493\Debug/UART_1_tx_PM.lst -g -D DEBUG -Wall -ffunction-sections -Og -ffat-lto-objects -c Generated_Source\PSoC4\UART_1_tx_PM.c -o .\CortexM0\ARM_GCC_493\Debug\UART_1_tx_PM.o
arm-none-eabi-gcc.exe -mcpu=cortex-m0 -mthumb -I. -IGenerated_Source\PSoC4 -Wa,-alh=.\CortexM0\ARM_GCC_493\Debug/UART_1_rx.lst -g -D DEBUG -Wall -ffunction-sections -Og -ffat-lto-objects -c Generated_Source\PSoC4\UART_1_rx.c -o .\CortexM0\ARM_GCC_493\Debug\UART_1_rx.o
arm-none-eabi-gcc.exe -mcpu=cortex-m0 -mthumb -I. -IGenerated_Source\PSoC4 -Wa,-alh=.\CortexM0\ARM_GCC_493\Debug/UART_1_rx_PM.lst -g -D DEBUG -Wall -ffunction-sections -Og -ffat-lto-objects -c Generated_Source\PSoC4\UART_1_rx_PM.c -o .\CortexM0\ARM_GCC_493\Debug\UART_1_rx_PM.o
arm-none-eabi-gcc.exe -mcpu=cortex-m0 -mthumb -I. -IGenerated_Source\PSoC4 -Wa,-alh=.\CortexM0\ARM_GCC_493\Debug/Cm0Start.lst -g -D DEBUG -Wall -ffunction-sections -Og -ffat-lto-objects -c Generated_Source\PSoC4\Cm0Start.c -o .\CortexM0\ARM_GCC_493\Debug\Cm0Start.o
arm-none-eabi-gcc.exe -mcpu=cortex-m0 -mthumb -I. -IGenerated_Source\PSoC4 -Wa,-alh=.\CortexM0\ARM_GCC_493\Debug/CyFlash.lst -g -D DEBUG -Wall -ffunction-sections -Og -ffat-lto-objects -c Generated_Source\PSoC4\CyFlash.c -o .\CortexM0\ARM_GCC_493\Debug\CyFlash.o
arm-none-eabi-gcc.exe -mcpu=cortex-m0 -mthumb -I. -IGenerated_Source\PSoC4 -Wa,-alh=.\CortexM0\ARM_GCC_493\Debug/CyLib.lst -g -D DEBUG -Wall -ffunction-sections -Og -ffat-lto-objects -c Generated_Source\PSoC4\CyLib.c -o .\CortexM0\ARM_GCC_493\Debug\CyLib.o
arm-none-eabi-gcc.exe -mcpu=cortex-m0 -mthumb -I. -IGenerated_Source\PSoC4 -Wa,-alh=.\CortexM0\ARM_GCC_493\Debug/cyPm.lst -g -D DEBUG -Wall -ffunction-sections -Og -ffat-lto-objects -c Generated_Source\PSoC4\cyPm.c -o .\CortexM0\ARM_GCC_493\Debug\cyPm.o
arm-none-eabi-gcc.exe -mcpu=cortex-m0 -mthumb -I. -IGenerated_Source\PSoC4 -Wa,-alh=.\CortexM0\ARM_GCC_493\Debug/cyutils.lst -g -D DEBUG -Wall -ffunction-sections -Og -ffat-lto-objects -c Generated_Source\PSoC4\cyutils.c -o .\CortexM0\ARM_GCC_493\Debug\cyutils.o
arm-none-eabi-gcc.exe -mcpu=cortex-m0 -mthumb -I. -IGenerated_Source\PSoC4 -Wa,-alh=.\CortexM0\ARM_GCC_493\Debug/CyLFClk.lst -g -D DEBUG -Wall -ffunction-sections -Og -ffat-lto-objects -c Generated_Source\PSoC4\CyLFClk.c -o .\CortexM0\ARM_GCC_493\Debug\CyLFClk.o
arm-none-eabi-gcc.exe -mcpu=cortex-m0 -mthumb -I. -IGenerated_Source\PSoC4 -Wa,-alh=.\CortexM0\ARM_GCC_493\Debug/Timer_ms.lst -g -D DEBUG -Wall -ffunction-sections -Og -ffat-lto-objects -c Generated_Source\PSoC4\Timer_ms.c -o .\CortexM0\ARM_GCC_493\Debug\Timer_ms.o
arm-none-eabi-gcc.exe -mcpu=cortex-m0 -mthumb -I. -IGenerated_Source\PSoC4 -Wa,-alh=.\CortexM0\ARM_GCC_493\Debug/Timer_ms_PM.lst -g -D DEBUG -Wall -ffunction-sections -Og -ffat-lto-objects -c Generated_Source\PSoC4\Timer_ms_PM.c -o .\CortexM0\ARM_GCC_493\Debug\Timer_ms_PM.o
arm-none-eabi-gcc.exe -mcpu=cortex-m0 -mthumb -I. -IGenerated_Source\PSoC4 -Wa,-alh=.\CortexM0\ARM_GCC_493\Debug/Clock_1.lst -g -D DEBUG -Wall -ffunction-sections -Og -ffat-lto-objects -c Generated_Source\PSoC4\Clock_1.c -o .\CortexM0\ARM_GCC_493\Debug\Clock_1.o
arm-none-eabi-gcc.exe -mcpu=cortex-m0 -mthumb -I. -IGenerated_Source\PSoC4 -Wa,-alh=.\CortexM0\ARM_GCC_493\Debug/isr_ms.lst -g -D DEBUG -Wall -ffunction-sections -Og -ffat-lto-objects -c Generated_Source\PSoC4\isr_ms.c -o .\CortexM0\ARM_GCC_493\Debug\isr_ms.o
arm-none-eabi-gcc.exe -mcpu=cortex-m0 -mthumb -I. -IGenerated_Source\PSoC4 -Wa,-alh=.\CortexM0\ARM_GCC_493\Debug/Pin_4.lst -g -D DEBUG -Wall -ffunction-sections -Og -ffat-lto-objects -c Generated_Source\PSoC4\Pin_4.c -o .\CortexM0\ARM_GCC_493\Debug\Pin_4.o
arm-none-eabi-gcc.exe -mcpu=cortex-m0 -mthumb -I. -IGenerated_Source\PSoC4 -Wa,-alh=.\CortexM0\ARM_GCC_493\Debug/Pin_4_PM.lst -g -D DEBUG -Wall -ffunction-sections -Og -ffat-lto-objects -c Generated_Source\PSoC4\Pin_4_PM.c -o .\CortexM0\ARM_GCC_493\Debug\Pin_4_PM.o
arm-none-eabi-gcc.exe -mcpu=cortex-m0 -mthumb -I. -IGenerated_Source\PSoC4 -Wa,-alh=.\CortexM0\ARM_GCC_493\Debug/Pin_5.lst -g -D DEBUG -Wall -ffunction-sections -Og -ffat-lto-objects -c Generated_Source\PSoC4\Pin_5.c -o .\CortexM0\ARM_GCC_493\Debug\Pin_5.o
arm-none-eabi-gcc.exe -mcpu=cortex-m0 -mthumb -I. -IGenerated_Source\PSoC4 -Wa,-alh=.\CortexM0\ARM_GCC_493\Debug/Pin_5_PM.lst -g -D DEBUG -Wall -ffunction-sections -Og -ffat-lto-objects -c Generated_Source\PSoC4\Pin_5_PM.c -o .\CortexM0\ARM_GCC_493\Debug\Pin_5_PM.o
arm-none-eabi-gcc.exe -mcpu=cortex-m0 -mthumb -I. -IGenerated_Source\PSoC4 -Wa,-alh=.\CortexM0\ARM_GCC_493\Debug/Pin_6.lst -g -D DEBUG -Wall -ffunction-sections -Og -ffat-lto-objects -c Generated_Source\PSoC4\Pin_6.c -o .\CortexM0\ARM_GCC_493\Debug\Pin_6.o
arm-none-eabi-gcc.exe -mcpu=cortex-m0 -mthumb -I. -IGenerated_Source\PSoC4 -Wa,-alh=.\CortexM0\ARM_GCC_493\Debug/Pin_6_PM.lst -g -D DEBUG -Wall -ffunction-sections -Og -ffat-lto-objects -c Generated_Source\PSoC4\Pin_6_PM.c -o .\CortexM0\ARM_GCC_493\Debug\Pin_6_PM.o
arm-none-eabi-gcc.exe -mcpu=cortex-m0 -mthumb -I. -IGenerated_Source\PSoC4 -Wa,-alh=.\CortexM0\ARM_GCC_493\Debug/Pin_7.lst -g -D DEBUG -Wall -ffunction-sections -Og -ffat-lto-objects -c Generated_Source\PSoC4\Pin_7.c -o .\CortexM0\ARM_GCC_493\Debug\Pin_7.o
arm-none-eabi-gcc.exe -mcpu=cortex-m0 -mthumb -I. -IGenerated_Source\PSoC4 -Wa,-alh=.\CortexM0\ARM_GCC_493\Debug/Pin_7_PM.lst -g -D DEBUG -Wall -ffunction-sections -Og -ffat-lto-objects -c Generated_Source\PSoC4\Pin_7_PM.c -o .\CortexM0\ARM_GCC_493\Debug\Pin_7_PM.o
arm-none-eabi-gcc.exe -mcpu=cortex-m0 -mthumb -I. -IGenerated_Source\PSoC4 -Wa,-alh=.\CortexM0\ARM_GCC_493\Debug/Pin_8.lst -g -D DEBUG -Wall -ffunction-sections -Og -ffat-lto-objects -c Generated_Source\PSoC4\Pin_8.c -o .\CortexM0\ARM_GCC_493\Debug\Pin_8.o
arm-none-eabi-gcc.exe -mcpu=cortex-m0 -mthumb -I. -IGenerated_Source\PSoC4 -Wa,-alh=.\CortexM0\ARM_GCC_493\Debug/Pin_8_PM.lst -g -D DEBUG -Wall -ffunction-sections -Og -ffat-lto-objects -c Generated_Source\PSoC4\Pin_8_PM.c -o .\CortexM0\ARM_GCC_493\Debug\Pin_8_PM.o
arm-none-eabi-gcc.exe -mcpu=cortex-m0 -mthumb -I. -IGenerated_Source\PSoC4 -Wa,-alh=.\CortexM0\ARM_GCC_493\Debug/Pin_9.lst -g -D DEBUG -Wall -ffunction-sections -Og -ffat-lto-objects -c Generated_Source\PSoC4\Pin_9.c -o .\CortexM0\ARM_GCC_493\Debug\Pin_9.o
arm-none-eabi-gcc.exe -mcpu=cortex-m0 -mthumb -I. -IGenerated_Source\PSoC4 -Wa,-alh=.\CortexM0\ARM_GCC_493\Debug/Pin_9_PM.lst -g -D DEBUG -Wall -ffunction-sections -Og -ffat-lto-objects -c Generated_Source\PSoC4\Pin_9_PM.c -o .\CortexM0\ARM_GCC_493\Debug\Pin_9_PM.o
arm-none-eabi-gcc.exe -mcpu=cortex-m0 -mthumb -I. -IGenerated_Source\PSoC4 -Wa,-alh=.\CortexM0\ARM_GCC_493\Debug/Pin_10.lst -g -D DEBUG -Wall -ffunction-sections -Og -ffat-lto-objects -c Generated_Source\PSoC4\Pin_10.c -o .\CortexM0\ARM_GCC_493\Debug\Pin_10.o
arm-none-eabi-gcc.exe -mcpu=cortex-m0 -mthumb -I. -IGenerated_Source\PSoC4 -Wa,-alh=.\CortexM0\ARM_GCC_493\Debug/Pin_10_PM.lst -g -D DEBUG -Wall -ffunction-sections -Og -ffat-lto-objects -c Generated_Source\PSoC4\Pin_10_PM.c -o .\CortexM0\ARM_GCC_493\Debug\Pin_10_PM.o
arm-none-eabi-gcc.exe -mcpu=cortex-m0 -mthumb -I. -IGenerated_Source\PSoC4 -Wa,-alh=.\CortexM0\ARM_GCC_493\Debug/Pin_11.lst -g -D DEBUG -Wall -ffunction-sections -Og -ffat-lto-objects -c Generated_Source\PSoC4\Pin_11.c -o .\CortexM0\ARM_GCC_493\Debug\Pin_11.o
arm-none-eabi-gcc.exe -mcpu=cortex-m0 -mthumb -I. -IGenerated_Source\PSoC4 -Wa,-alh=.\CortexM0\ARM_GCC_493\Debug/Pin_11_PM.lst -g -D DEBUG -Wall -ffunction-sections -Og -ffat-lto-objects -c Generated_Source\PSoC4\Pin_11_PM.c -o .\CortexM0\ARM_GCC_493\Debug\Pin_11_PM.o
arm-none-eabi-gcc.exe -mcpu=cortex-m0 -mthumb -I. -IGenerated_Source\PSoC4 -Wa,-alh=.\CortexM0\ARM_GCC_493\Debug/Pin_12.lst -g -D DEBUG -Wall -ffunction-sections -Og -ffat-lto-objects -c Generated_Source\PSoC4\Pin_12.c -o .\CortexM0\ARM_GCC_493\Debug\Pin_12.o
arm-none-eabi-gcc.exe -mcpu=cortex-m0 -mthumb -I. -IGenerated_Source\PSoC4 -Wa,-alh=.\CortexM0\ARM_GCC_493\Debug/Pin_12_PM.lst -g -D DEBUG -Wall -ffunction-sections -Og -ffat-lto-objects -c Generated_Source\PSoC4\Pin_12_PM.c -o .\CortexM0\ARM_GCC_493\Debug\Pin_12_PM.o
arm-none-eabi-gcc.exe -mcpu=cortex-m0 -mthumb -I. -IGenerated_Source\PSoC4 -Wa,-alh=.\CortexM0\ARM_GCC_493\Debug/Pin_13.lst -g -D DEBUG -Wall -ffunction-sections -Og -ffat-lto-objects -c Generated_Source\PSoC4\Pin_13.c -o .\CortexM0\ARM_GCC_493\Debug\Pin_13.o
arm-none-eabi-gcc.exe -mcpu=cortex-m0 -mthumb -I. -IGenerated_Source\PSoC4 -Wa,-alh=.\CortexM0\ARM_GCC_493\Debug/Pin_13_PM.lst -g -D DEBUG -Wall -ffunction-sections -Og -ffat-lto-objects -c Generated_Source\PSoC4\Pin_13_PM.c -o .\CortexM0\ARM_GCC_493\Debug\Pin_13_PM.o
arm-none-eabi-gcc.exe -mcpu=cortex-m0 -mthumb -I. -IGenerated_Source\PSoC4 -Wa,-alh=.\CortexM0\ARM_GCC_493\Debug/Pin_14.lst -g -D DEBUG -Wall -ffunction-sections -Og -ffat-lto-objects -c Generated_Source\PSoC4\Pin_14.c -o .\CortexM0\ARM_GCC_493\Debug\Pin_14.o
arm-none-eabi-gcc.exe -mcpu=cortex-m0 -mthumb -I. -IGenerated_Source\PSoC4 -Wa,-alh=.\CortexM0\ARM_GCC_493\Debug/Pin_14_PM.lst -g -D DEBUG -Wall -ffunction-sections -Og -ffat-lto-objects -c Generated_Source\PSoC4\Pin_14_PM.c -o .\CortexM0\ARM_GCC_493\Debug\Pin_14_PM.o
arm-none-eabi-gcc.exe -mcpu=cortex-m0 -mthumb -I. -IGenerated_Source\PSoC4 -Wa,-alh=.\CortexM0\ARM_GCC_493\Debug/Pin_15.lst -g -D DEBUG -Wall -ffunction-sections -Og -ffat-lto-objects -c Generated_Source\PSoC4\Pin_15.c -o .\CortexM0\ARM_GCC_493\Debug\Pin_15.o
arm-none-eabi-gcc.exe -mcpu=cortex-m0 -mthumb -I. -IGenerated_Source\PSoC4 -Wa,-alh=.\CortexM0\ARM_GCC_493\Debug/Pin_15_PM.lst -g -D DEBUG -Wall -ffunction-sections -Og -ffat-lto-objects -c Generated_Source\PSoC4\Pin_15_PM.c -o .\CortexM0\ARM_GCC_493\Debug\Pin_15_PM.o
arm-none-eabi-gcc.exe -mcpu=cortex-m0 -mthumb -I. -IGenerated_Source\PSoC4 -Wa,-alh=.\CortexM0\ARM_GCC_493\Debug/Pin_16.lst -g -D DEBUG -Wall -ffunction-sections -Og -ffat-lto-objects -c Generated_Source\PSoC4\Pin_16.c -o .\CortexM0\ARM_GCC_493\Debug\Pin_16.o
arm-none-eabi-gcc.exe -mcpu=cortex-m0 -mthumb -I. -IGenerated_Source\PSoC4 -Wa,-alh=.\CortexM0\ARM_GCC_493\Debug/Pin_16_PM.lst -g -D DEBUG -Wall -ffunction-sections -Og -ffat-lto-objects -c Generated_Source\PSoC4\Pin_16_PM.c -o .\CortexM0\ARM_GCC_493\Debug\Pin_16_PM.o
arm-none-eabi-gcc.exe -mcpu=cortex-m0 -mthumb -I. -IGenerated_Source\PSoC4 -Wa,-alh=.\CortexM0\ARM_GCC_493\Debug/isr_uart_rx.lst -g -D DEBUG -Wall -ffunction-sections -Og -ffat-lto-objects -c Generated_Source\PSoC4\isr_uart_rx.c -o .\CortexM0\ARM_GCC_493\Debug\isr_uart_rx.o
arm-none-eabi-gcc.exe -mcpu=cortex-m0 -mthumb -I. -IGenerated_Source\PSoC4 -Wa,-alh=.\CortexM0\ARM_GCC_493\Debug/UART_debug.lst -g -D DEBUG -Wall -ffunction-sections -Og -ffat-lto-objects -c Generated_Source\PSoC4\UART_debug.c -o .\CortexM0\ARM_GCC_493\Debug\UART_debug.o
arm-none-eabi-gcc.exe -mcpu=cortex-m0 -mthumb -I. -IGenerated_Source\PSoC4 -Wa,-alh=.\CortexM0\ARM_GCC_493\Debug/UART_debug_SPI_UART.lst -g -D DEBUG -Wall -ffunction-sections -Og -ffat-lto-objects -c Generated_Source\PSoC4\UART_debug_SPI_UART.c -o .\CortexM0\ARM_GCC_493\Debug\UART_debug_SPI_UART.o
arm-none-eabi-gcc.exe -mcpu=cortex-m0 -mthumb -I. -IGenerated_Source\PSoC4 -Wa,-alh=.\CortexM0\ARM_GCC_493\Debug/UART_debug_SPI_UART_INT.lst -g -D DEBUG -Wall -ffunction-sections -Og -ffat-lto-objects -c Generated_Source\PSoC4\UART_debug_SPI_UART_INT.c -o .\CortexM0\ARM_GCC_493\Debug\UART_debug_SPI_UART_INT.o
arm-none-eabi-gcc.exe -mcpu=cortex-m0 -mthumb -I. -IGenerated_Source\PSoC4 -Wa,-alh=.\CortexM0\ARM_GCC_493\Debug/UART_debug_PM.lst -g -D DEBUG -Wall -ffunction-sections -Og -ffat-lto-objects -c Generated_Source\PSoC4\UART_debug_PM.c -o .\CortexM0\ARM_GCC_493\Debug\UART_debug_PM.o
arm-none-eabi-gcc.exe -mcpu=cortex-m0 -mthumb -I. -IGenerated_Source\PSoC4 -Wa,-alh=.\CortexM0\ARM_GCC_493\Debug/UART_debug_UART.lst -g -D DEBUG -Wall -ffunction-sections -Og -ffat-lto-objects -c Generated_Source\PSoC4\UART_debug_UART.c -o .\CortexM0\ARM_GCC_493\Debug\UART_debug_UART.o
arm-none-eabi-gcc.exe -mcpu=cortex-m0 -mthumb -I. -IGenerated_Source\PSoC4 -Wa,-alh=.\CortexM0\ARM_GCC_493\Debug/UART_debug_BOOT.lst -g -D DEBUG -Wall -ffunction-sections -Og -ffat-lto-objects -c Generated_Source\PSoC4\UART_debug_BOOT.c -o .\CortexM0\ARM_GCC_493\Debug\UART_debug_BOOT.o
arm-none-eabi-gcc.exe -mcpu=cortex-m0 -mthumb -I. -IGenerated_Source\PSoC4 -Wa,-alh=.\CortexM0\ARM_GCC_493\Debug/UART_debug_UART_BOOT.lst -g -D DEBUG -Wall -ffunction-sections -Og -ffat-lto-objects -c Generated_Source\PSoC4\UART_debug_UART_BOOT.c -o .\CortexM0\ARM_GCC_493\Debug\UART_debug_UART_BOOT.o
arm-none-eabi-gcc.exe -mcpu=cortex-m0 -mthumb -I. -IGenerated_Source\PSoC4 -Wa,-alh=.\CortexM0\ARM_GCC_493\Debug/UART_debug_SCBCLK.lst -g -D DEBUG -Wall -ffunction-sections -Og -ffat-lto-objects -c Generated_Source\PSoC4\UART_debug_SCBCLK.c -o .\CortexM0\ARM_GCC_493\Debug\UART_debug_SCBCLK.o
arm-none-eabi-gcc.exe -mcpu=cortex-m0 -mthumb -I. -IGenerated_Source\PSoC4 -Wa,-alh=.\CortexM0\ARM_GCC_493\Debug/UART_debug_tx.lst -g -D DEBUG -Wall -ffunction-sections -Og -ffat-lto-objects -c Generated_Source\PSoC4\UART_debug_tx.c -o .\CortexM0\ARM_GCC_493\Debug\UART_debug_tx.o
arm-none-eabi-gcc.exe -mcpu=cortex-m0 -mthumb -I. -IGenerated_Source\PSoC4 -Wa,-alh=.\CortexM0\ARM_GCC_493\Debug/UART_debug_tx_PM.lst -g -D DEBUG -Wall -ffunction-sections -Og -ffat-lto-objects -c Generated_Source\PSoC4\UART_debug_tx_PM.c -o .\CortexM0\ARM_GCC_493\Debug\UART_debug_tx_PM.o
arm-none-eabi-gcc.exe -mcpu=cortex-m0 -mthumb -I. -IGenerated_Source\PSoC4 -Wa,-alh=.\CortexM0\ARM_GCC_493\Debug/UART_debug_rx.lst -g -D DEBUG -Wall -ffunction-sections -Og -ffat-lto-objects -c Generated_Source\PSoC4\UART_debug_rx.c -o .\CortexM0\ARM_GCC_493\Debug\UART_debug_rx.o
arm-none-eabi-gcc.exe -mcpu=cortex-m0 -mthumb -I. -IGenerated_Source\PSoC4 -Wa,-alh=.\CortexM0\ARM_GCC_493\Debug/UART_debug_rx_PM.lst -g -D DEBUG -Wall -ffunction-sections -Og -ffat-lto-objects -c Generated_Source\PSoC4\UART_debug_rx_PM.c -o .\CortexM0\ARM_GCC_493\Debug\UART_debug_rx_PM.o
arm-none-eabi-as.exe -mcpu=cortex-m0 -mthumb -I. -IGenerated_Source\PSoC4 -alh=.\CortexM0\ARM_GCC_493\Debug/CyBootAsmGnu.lst -g -W -o .\CortexM0\ARM_GCC_493\Debug\CyBootAsmGnu.o Generated_Source\PSoC4\CyBootAsmGnu.s
arm-none-eabi-ar.exe -rs .\CortexM0\ARM_GCC_493\Debug\Senior_Design.a .\CortexM0\ARM_GCC_493\Debug\cyfitter_cfg.o .\CortexM0\ARM_GCC_493\Debug\Pin_1.o .\CortexM0\ARM_GCC_493\Debug\Pin_1_PM.o .\CortexM0\ARM_GCC_493\Debug\Pin_2.o .\CortexM0\ARM_GCC_493\Debug\Pin_2_PM.o .\CortexM0\ARM_GCC_493\Debug\Pin_3.o .\CortexM0\ARM_GCC_493\Debug\Pin_3_PM.o .\CortexM0\ARM_GCC_493\Debug\UART_1.o .\CortexM0\ARM_GCC_493\Debug\UART_1_SPI_UART.o .\CortexM0\ARM_GCC_493\Debug\UART_1_SPI_UART_INT.o .\CortexM0\ARM_GCC_493\Debug\UART_1_PM.o .\CortexM0\ARM_GCC_493\Debug\UART_1_UART.o .\CortexM0\ARM_GCC_493\Debug\UART_1_BOOT.o .\CortexM0\ARM_GCC_493\Debug\UART_1_UART_BOOT.o .\CortexM0\ARM_GCC_493\Debug\UART_1_SCBCLK.o .\CortexM0\ARM_GCC_493\Debug\UART_1_tx.o .\CortexM0\ARM_GCC_493\Debug\UART_1_tx_PM.o .\CortexM0\ARM_GCC_493\Debug\UART_1_rx.o .\CortexM0\ARM_GCC_493\Debug\UART_1_rx_PM.o .\CortexM0\ARM_GCC_493\Debug\CyFlash.o .\CortexM0\ARM_GCC_493\Debug\CyLib.o .\CortexM0\ARM_GCC_493\Debug\cyPm.o .\CortexM0\ARM_GCC_493\Debug\cyutils.o .\CortexM0\ARM_GCC_493\Debug\CyLFClk.o .\CortexM0\ARM_GCC_493\Debug\Timer_ms.o .\CortexM0\ARM_GCC_493\Debug\Timer_ms_PM.o .\CortexM0\ARM_GCC_493\Debug\Clock_1.o .\CortexM0\ARM_GCC_493\Debug\isr_ms.o .\CortexM0\ARM_GCC_493\Debug\Pin_4.o .\CortexM0\ARM_GCC_493\Debug\Pin_4_PM.o .\CortexM0\ARM_GCC_493\Debug\Pin_5.o .\CortexM0\ARM_GCC_493\Debug\Pin_5_PM.o .\CortexM0\ARM_GCC_493\Debug\Pin_6.o .\CortexM0\ARM_GCC_493\Debug\Pin_6_PM.o .\CortexM0\ARM_GCC_493\Debug\Pin_7.o .\CortexM0\ARM_GCC_493\Debug\Pin_7_PM.o .\CortexM0\ARM_GCC_493\Debug\Pin_8.o .\CortexM0\ARM_GCC_493\Debug\Pin_8_PM.o .\CortexM0\ARM_GCC_493\Debug\Pin_9.o .\CortexM0\ARM_GCC_493\Debug\Pin_9_PM.o .\CortexM0\ARM_GCC_493\Debug\Pin_10.o .\CortexM0\ARM_GCC_493\Debug\Pin_10_PM.o .\CortexM0\ARM_GCC_493\Debug\Pin_11.o .\CortexM0\ARM_GCC_493\Debug\Pin_11_PM.o .\CortexM0\ARM_GCC_493\Debug\Pin_12.o .\CortexM0\ARM_GCC_493\Debug\Pin_12_PM.o .\CortexM0\ARM_GCC_493\Debug\Pin_13.o .\CortexM0\ARM_GCC_493\Debug\Pin_13_PM.o .\CortexM0\ARM_GCC_493\Debug\Pin_14.o .\CortexM0\ARM_GCC_493\Debug\Pin_14_PM.o .\CortexM0\ARM_GCC_493\Debug\Pin_15.o .\CortexM0\ARM_GCC_493\Debug\Pin_15_PM.o .\CortexM0\ARM_GCC_493\Debug\Pin_16.o .\CortexM0\ARM_GCC_493\Debug\Pin_16_PM.o .\CortexM0\ARM_GCC_493\Debug\isr_uart_rx.o .\CortexM0\ARM_GCC_493\Debug\UART_debug.o .\CortexM0\ARM_GCC_493\Debug\UART_debug_SPI_UART.o .\CortexM0\ARM_GCC_493\Debug\UART_debug_SPI_UART_INT.o .\CortexM0\ARM_GCC_493\Debug\UART_debug_PM.o .\CortexM0\ARM_GCC_493\Debug\UART_debug_UART.o .\CortexM0\ARM_GCC_493\Debug\UART_debug_BOOT.o .\CortexM0\ARM_GCC_493\Debug\UART_debug_UART_BOOT.o .\CortexM0\ARM_GCC_493\Debug\UART_debug_SCBCLK.o .\CortexM0\ARM_GCC_493\Debug\UART_debug_tx.o .\CortexM0\ARM_GCC_493\Debug\UART_debug_tx_PM.o .\CortexM0\ARM_GCC_493\Debug\UART_debug_rx.o .\CortexM0\ARM_GCC_493\Debug\UART_debug_rx_PM.o .\CortexM0\ARM_GCC_493\Debug\CyBootAsmGnu.o
arm-none-eabi-ar.exe: creating .\CortexM0\ARM_GCC_493\Debug\Senior_Design.a
arm-none-eabi-gcc.exe -Wl,--start-group -o .\CortexM0\ARM_GCC_493\Debug\Senior_Design.elf .\CortexM0\ARM_GCC_493\Debug\main.o .\CortexM0\ARM_GCC_493\Debug\cymetadata.o .\CortexM0\ARM_GCC_493\Debug\Cm0Start.o .\CortexM0\ARM_GCC_493\Debug\Senior_Design.a "C:\Program Files (x86)\Cypress\PSoC Creator\4.0\PSoC Creator\psoc\content\cycomponentlibrary\CyComponentLibrary.cylib\CortexM0\ARM_GCC_493\Debug\CyComponentLibrary.a" -mcpu=cortex-m0 -mthumb -g -ffunction-sections -Og -ffat-lto-objects -L Generated_Source\PSoC4 -Wl,-Map,.\CortexM0\ARM_GCC_493\Debug/Senior_Design.map -T D:\workspace_SeniorDeisgn\PSoC\SD1\Senior_Design.cydsn\Generated_Source\PSoC4\cm0gcc.ld -specs=nano.specs -Wl,--gc-sections -Wl,--end-group
cyelftool.exe -C D:\workspace_SeniorDeisgn\PSoC\SD1\Senior_Design.cydsn\CortexM0\ARM_GCC_493\Debug\Senior_Design.elf --flash_row_size 128 --flash_size 32768
cyelftool.exe -S D:\workspace_SeniorDeisgn\PSoC\SD1\Senior_Design.cydsn\CortexM0\ARM_GCC_493\Debug\Senior_Design.elf
Flash used: 6790 of 32768 bytes (20.7 %).
SRAM used: 2092 of 4096 bytes (51.1 %). Stack: 1024 bytes. Heap: 128 bytes.
--------------- Rebuild Succeeded: 05/11/2017 21:55:42 ---------------
